2026-06-14 15:24:48.537708 [NOTICE] [Context.cc:310] Downloading 382 item(s)
2026-06-14 15:24:48.547086 [NOTICE] [ServerStatMan.cc:230] ServerStat file logs/server-stats.txt loaded successfully.
2026-06-14 15:24:48.563406 [NOTICE] [RequestGroup.cc:1214] Download complete: /tmp/tmp.ZoxnOvCsed/BLOCK/ACL4SSR_program_ads
2026-06-14 15:24:48.569683 [NOTICE] [RequestGroup.cc:1214] Download complete: /tmp/tmp.ZoxnOvCsed/BLOCK/ACL4SSR_web_ads
2026-06-14 15:24:48.583368 [NOTICE] [RequestGroup.cc:1214] Download complete: /tmp/tmp.ZoxnOvCsed/BLOCK/additional_hosts_adservers_and_trackers
2026-06-14 15:24:48.594144 [NOTICE] [RequestGroup.cc:1214] Download complete: /tmp/tmp.ZoxnOvCsed/BLOCK/abuse_ch_sslbl
2026-06-14 15:24:48.602712 [NOTICE] [RequestGroup.cc:1214] Download complete: /tmp/tmp.ZoxnOvCsed/BLOCK/additional_hosts_fake_domains
2026-06-14 15:24:48.606225 [NOTICE] [RequestGroup.cc:1214] Download complete: /tmp/tmp.ZoxnOvCsed/BLOCK/1hosts_staged_pro_inclusions
2026-06-14 15:24:48.606881 [NOTICE] [RequestGroup.cc:1214] Download complete: /tmp/tmp.ZoxnOvCsed/BLOCK/abvpn_ads
2026-06-14 15:24:48.608065 [NOTICE] [RequestGroup.cc:1214] Download complete: /tmp/tmp.ZoxnOvCsed/BLOCK/abvpn_adult
2026-06-14 15:24:48.609288 [NOTICE] [RequestGroup.cc:1214] Download complete: /tmp/tmp.ZoxnOvCsed/BLOCK/additional_hosts_unwanted_iranian
2026-06-14 15:24:48.613303 [NOTICE] [RequestGroup.cc:1214] Download complete: /tmp/tmp.ZoxnOvCsed/BLOCK/abuse_ch_threatfox_domains
2026-06-14 15:24:48.614113 [NOTICE] [RequestGroup.cc:1214] Download complete: /tmp/tmp.ZoxnOvCsed/BLOCK/1hosts_official_pro_inclusions
2026-06-14 15:24:48.621349 [NOTICE] [RequestGroup.cc:1214] Download complete: /tmp/tmp.ZoxnOvCsed/BLOCK/1hosts_official_inclusions
2026-06-14 15:24:48.625314 [NOTICE] [RequestGroup.cc:1214] Download complete: /tmp/tmp.ZoxnOvCsed/BLOCK/1hosts_staged_inclusions
2026-06-14 15:24:48.628233 [NOTICE] [RequestGroup.cc:1214] Download complete: /tmp/tmp.ZoxnOvCsed/BLOCK/anti_axelspringer
2026-06-14 15:24:48.629191 [NOTICE] [RequestGroup.cc:1214] Download complete: /tmp/tmp.ZoxnOvCsed/BLOCK/abvpn_general
2026-06-14 15:24:48.636614 [NOTICE] [RequestGroup.cc:1214] Download complete: /tmp/tmp.ZoxnOvCsed/BLOCK/additional_hosts_parking_iranian
2026-06-14 15:24:48.642003 [NOTICE] [RequestGroup.cc:1214] Download complete: /tmp/tmp.ZoxnOvCsed/BLOCK/abuse_ch_urlhaus_online
2026-06-14 15:24:48.663301 [NOTICE] [RequestGroup.cc:1214] Download complete: /tmp/tmp.ZoxnOvCsed/BLOCK/abuse_ch_urlhaus_recent
2026-06-14 15:24:48.664782 [NOTICE] [RequestGroup.cc:1214] Download complete: /tmp/tmp.ZoxnOvCsed/BLOCK/antispam_it
2026-06-14 15:24:48.668392 [NOTICE] [RequestGroup.cc:1214] Download complete: /tmp/tmp.ZoxnOvCsed/BLOCK/abuse_ch_feodotracker
2026-06-14 15:24:48.678372 [NOTICE] [RequestGroup.cc:1214] Download complete: /tmp/tmp.ZoxnOvCsed/BLOCK/adaway
2026-06-14 15:24:48.697206 [NOTICE] [RequestGroup.cc:1214] Download complete: /tmp/tmp.ZoxnOvCsed/BLOCK/alienvault
2026-06-14 15:24:48.702811 [NOTICE] [RequestGroup.cc:1214] Download complete: /tmp/tmp.ZoxnOvCsed/BLOCK/ayashige
2026-06-14 15:24:48.710059 [NOTICE] [RequestGroup.cc:1214] Download complete: /tmp/tmp.ZoxnOvCsed/BLOCK/abuse_ch_threatfox_ips
2026-06-14 15:24:48.723537 [NOTICE] [RequestGroup.cc:1214] Download complete: /tmp/tmp.ZoxnOvCsed/BLOCK/additional_hosts_search_blacklist
2026-06-14 15:24:48.727244 [NOTICE] [RequestGroup.cc:1214] Download complete: /tmp/tmp.ZoxnOvCsed/BLOCK/antisocialengineer
2026-06-14 15:24:48.729727 [NOTICE] [RequestGroup.cc:1214] Download complete: /tmp/tmp.ZoxnOvCsed/BLOCK/bjornstar
2026-06-14 15:24:48.735373 [NOTICE] [RequestGroup.cc:1214] Download complete: /tmp/tmp.ZoxnOvCsed/BLOCK/additional_hosts_activation
2026-06-14 15:24:48.744389 [NOTICE] [RequestGroup.cc:1214] Download complete: /tmp/tmp.ZoxnOvCsed/BLOCK/anti_porn
2026-06-14 15:24:48.747127 [NOTICE] [RequestGroup.cc:1214] Download complete: /tmp/tmp.ZoxnOvCsed/BLOCK/apple_telemetry
2026-06-14 15:24:48.756978 [NOTICE] [RequestGroup.cc:1214] Download complete: /tmp/tmp.ZoxnOvCsed/BLOCK/blockconvert_adblock
2026-06-14 15:24:48.760637 [NOTICE] [RequestGroup.cc:1214] Download complete: /tmp/tmp.ZoxnOvCsed/BLOCK/blocklist_de
2026-06-14 15:24:48.763251 [NOTICE] [RequestGroup.cc:1214] Download complete: /tmp/tmp.ZoxnOvCsed/BLOCK/blockconvert_internal
2026-06-14 15:24:48.776979 [NOTICE] [RequestGroup.cc:1214] Download complete: /tmp/tmp.ZoxnOvCsed/BLOCK/blokada_exodusprivacy
2026-06-14 15:24:48.780473 [NOTICE] [RequestGroup.cc:1214] Download complete: /tmp/tmp.ZoxnOvCsed/BLOCK/blokada_tracker_radar
2026-06-14 15:24:48.791334 [NOTICE] [HttpResponse.cc:168] CUID#46 - Redirecting to https://binarydefense.com/banlist.txt
2026-06-14 15:24:48.811687 [NOTICE] [RequestGroup.cc:1214] Download complete: /tmp/tmp.ZoxnOvCsed/BLOCK/blp_smart_tv
2026-06-14 15:24:48.812467 [NOTICE] [RequestGroup.cc:1214] Download complete: /tmp/tmp.ZoxnOvCsed/BLOCK/blp_vaping
2026-06-14 15:24:48.814682 [NOTICE] [RequestGroup.cc:1214] Download complete: /tmp/tmp.ZoxnOvCsed/BLOCK/binarydefense
2026-06-14 15:24:48.835696 [NOTICE] [RequestGroup.cc:1214] Download complete: /tmp/tmp.ZoxnOvCsed/BLOCK/blp_whatsapp
2026-06-14 15:24:48.842580 [NOTICE] [RequestGroup.cc:1214] Download complete: /tmp/tmp.ZoxnOvCsed/BLOCK/botvrij_hostnames
2026-06-14 15:24:48.845606 [NOTICE] [RequestGroup.cc:1214] Download complete: /tmp/tmp.ZoxnOvCsed/BLOCK/botvrij_ioc_ip_src
2026-06-14 15:24:48.851001 [NOTICE] [RequestGroup.cc:1214] Download complete: /tmp/tmp.ZoxnOvCsed/BLOCK/botvrij_ioc_domain
2026-06-14 15:24:48.851977 [NOTICE] [RequestGroup.cc:1214] Download complete: /tmp/tmp.ZoxnOvCsed/BLOCK/botvrij_ioc_url
2026-06-14 15:24:48.854424 [NOTICE] [RequestGroup.cc:1214] Download complete: /tmp/tmp.ZoxnOvCsed/BLOCK/botvrij_ioc_ip_dst
2026-06-14 15:24:48.859142 [NOTICE] [RequestGroup.cc:1214] Download complete: /tmp/tmp.ZoxnOvCsed/BLOCK/botvrij_covid
2026-06-14 15:24:48.867326 [NOTICE] [RequestGroup.cc:1214] Download complete: /tmp/tmp.ZoxnOvCsed/BLOCK/anti_ad
2026-06-14 15:24:48.868487 [NOTICE] [RequestGroup.cc:1214] Download complete: /tmp/tmp.ZoxnOvCsed/BLOCK/botvrij_misp_ip_dst
2026-06-14 15:24:48.876335 [NOTICE] [RequestGroup.cc:1214] Download complete: /tmp/tmp.ZoxnOvCsed/BLOCK/c2_intel_feeds
2026-06-14 15:24:48.891584 [NOTICE] [RequestGroup.cc:1214] Download complete: /tmp/tmp.ZoxnOvCsed/BLOCK/chrisjudk
2026-06-14 15:24:48.920959 [NOTICE] [RequestGroup.cc:1214] Download complete: /tmp/tmp.ZoxnOvCsed/BLOCK/air_anti_icann
2026-06-14 15:24:48.923569 [NOTICE] [RequestGroup.cc:1214] Download complete: /tmp/tmp.ZoxnOvCsed/BLOCK/cps_illuminate
2026-06-14 15:24:48.953433 [NOTICE] [RequestGroup.cc:1214] Download complete: /tmp/tmp.ZoxnOvCsed/BLOCK/cps_predict
2026-06-14 15:24:48.967243 [NOTICE] [RequestGroup.cc:1214] Download complete: /tmp/tmp.ZoxnOvCsed/BLOCK/cps_stalkerware
2026-06-14 15:24:48.990555 [NOTICE] [HttpResponse.cc:168] CUID#72 - Redirecting to https://gitlab.com/users/sign_in
2026-06-14 15:24:48.997097 [ERROR] [AbstractCommand.cc:349] CUID#72 - Download aborted. URI=https://gitlab.com/ZeroDot1/CoinBlockerLists/-/raw/master/list_optional.txt
Exception: [AbstractCommand.cc:351] errorCode=22 URI=https://gitlab.com/users/sign_in
  -> [HttpSkipResponseCommand.cc:239] errorCode=22 The response status is not successful. status=403
2026-06-14 15:24:49.026810 [NOTICE] [RequestGroup.cc:1214] Download complete: /tmp/tmp.ZoxnOvCsed/BLOCK/cps_iocs
2026-06-14 15:24:49.054789 [NOTICE] [RequestGroup.cc:1214] Download complete: /tmp/tmp.ZoxnOvCsed/BLOCK/cname_trackers
2026-06-14 15:24:49.075702 [NOTICE] [RequestGroup.cc:1214] Download complete: /tmp/tmp.ZoxnOvCsed/BLOCK/cryptoscamdb_blacklist
2026-06-14 15:24:49.125391 [NOTICE] [HttpResponse.cc:168] CUID#80 - Redirecting to https://gitlab.com/users/sign_in
2026-06-14 15:24:49.131171 [ERROR] [AbstractCommand.cc:349] CUID#80 - Download aborted. URI=https://gitlab.com/ZeroDot1/CoinBlockerLists/raw/master/list_optional.txt
Exception: [AbstractCommand.cc:351] errorCode=22 URI=https://gitlab.com/users/sign_in
  -> [HttpSkipResponseCommand.cc:239] errorCode=22 The response status is not successful. status=403
2026-06-14 15:24:49.145158 [NOTICE] [RequestGroup.cc:1214] Download complete: /tmp/tmp.ZoxnOvCsed/BLOCK/air_cryptojacking
2026-06-14 15:24:49.173132 [NOTICE] [RequestGroup.cc:1214] Download complete: /tmp/tmp.ZoxnOvCsed/BLOCK/blackbird
2026-06-14 15:24:49.182581 [NOTICE] [RequestGroup.cc:1214] Download complete: /tmp/tmp.ZoxnOvCsed/BLOCK/air_ads
2026-06-14 15:24:49.197311 [NOTICE] [RequestGroup.cc:1214] Download complete: /tmp/tmp.ZoxnOvCsed/BLOCK/cinsscore
2026-06-14 15:24:49.199559 [NOTICE] [HttpResponse.cc:168] CUID#84 - Redirecting to https://projects.gitlab.io/auth?domain=https://zerodot1.gitlab.io&root_namespace_id=1932776&state=Af48IwzxTKao69OMxHnedw==
2026-06-14 15:24:49.223604 [NOTICE] [RequestGroup.cc:1214] Download complete: /tmp/tmp.ZoxnOvCsed/BLOCK/d3ward
2026-06-14 15:24:49.224544 [NOTICE] [HttpResponse.cc:168] CUID#84 - Redirecting to https://gitlab.com/oauth/authorize?client_id=5059a88907e1b093c23df47d996183b101a862a5e53e099b563120d1308db2c1&redirect_uri=https://projects.gitlab.io/auth&response_type=code&state=Af48IwzxTKao69OMxHnedw==&scope=api&root_namespace_id=1932776
2026-06-14 15:24:49.290434 [NOTICE] [RequestGroup.cc:1214] Download complete: /tmp/tmp.ZoxnOvCsed/BLOCK/damengzhu
2026-06-14 15:24:49.315948 [NOTICE] [RequestGroup.cc:1214] Download complete: /tmp/tmp.ZoxnOvCsed/BLOCK/combindprivacyblocklists
2026-06-14 15:24:49.319585 [NOTICE] [RequestGroup.cc:1214] Download complete: /tmp/tmp.ZoxnOvCsed/BLOCK/antipopads
2026-06-14 15:24:49.331762 [NOTICE] [HttpResponse.cc:168] CUID#84 - Redirecting to https://gitlab.com/users/sign_in
2026-06-14 15:24:49.339238 [NOTICE] [RequestGroup.cc:1214] Download complete: /tmp/tmp.ZoxnOvCsed/BLOCK/cryptolaemus
2026-06-14 15:24:49.340314 [ERROR] [AbstractCommand.cc:349] CUID#84 - Download aborted. URI=https://zerodot1.gitlab.io/CoinBlockerLists/list_optional.txt
Exception: [AbstractCommand.cc:351] errorCode=22 URI=https://gitlab.com/users/sign_in
  -> [HttpSkipResponseCommand.cc:239] errorCode=22 The response status is not successful. status=403
2026-06-14 15:24:49.340464 [NOTICE] [RequestGroupMan.cc:424] Download GID#edd2dbca81dcf0c1 not complete: /tmp/tmp.ZoxnOvCsed/BLOCK/coinblockerlists_optional
2026-06-14 15:24:49.347763 [NOTICE] [RequestGroup.cc:1214] Download complete: /tmp/tmp.ZoxnOvCsed/BLOCK/dandelion_antimalware
2026-06-14 15:24:49.352808 [NOTICE] [RequestGroup.cc:1214] Download complete: /tmp/tmp.ZoxnOvCsed/BLOCK/dandelionsprout_norwegian
2026-06-14 15:24:49.357781 [NOTICE] [RequestGroup.cc:1214] Download complete: /tmp/tmp.ZoxnOvCsed/BLOCK/dan_pollock
2026-06-14 15:24:49.421029 [NOTICE] [RequestGroup.cc:1214] Download complete: /tmp/tmp.ZoxnOvCsed/BLOCK/air_gambling
2026-06-14 15:24:49.438805 [NOTICE] [RequestGroup.cc:1214] Download complete: /tmp/tmp.ZoxnOvCsed/BLOCK/cybercrime_ccmgate
2026-06-14 15:24:49.444216 [NOTICE] [RequestGroup.cc:1214] Download complete: /tmp/tmp.ZoxnOvCsed/BLOCK/digitalside_domains
2026-06-14 15:24:49.449917 [NOTICE] [RequestGroup.cc:1214] Download complete: /tmp/tmp.ZoxnOvCsed/BLOCK/digitalside_ips
2026-06-14 15:24:49.458203 [NOTICE] [RequestGroup.cc:1214] Download complete: /tmp/tmp.ZoxnOvCsed/BLOCK/dataplane_sipregistration
2026-06-14 15:24:49.458832 [NOTICE] [RequestGroup.cc:1214] Download complete: /tmp/tmp.ZoxnOvCsed/BLOCK/disconnectme_entities
2026-06-14 15:24:49.491709 [NOTICE] [RequestGroup.cc:1214] Download complete: /tmp/tmp.ZoxnOvCsed/BLOCK/discord_suspicious_links
2026-06-14 15:24:49.504784 [NOTICE] [RequestGroup.cc:1214] Download complete: /tmp/tmp.ZoxnOvCsed/BLOCK/dataplane_sipinvitation
2026-06-14 15:24:49.513736 [NOTICE] [RequestGroup.cc:1214] Download complete: /tmp/tmp.ZoxnOvCsed/BLOCK/dataplane_sipquery
2026-06-14 15:24:49.519061 [NOTICE] [RequestGroup.cc:1214] Download complete: /tmp/tmp.ZoxnOvCsed/BLOCK/discord_phishing_links
2026-06-14 15:24:49.539241 [NOTICE] [RequestGroup.cc:1214] Download complete: /tmp/tmp.ZoxnOvCsed/BLOCK/dshield
2026-06-14 15:24:49.543643 [NOTICE] [RequestGroup.cc:1214] Download complete: /tmp/tmp.ZoxnOvCsed/BLOCK/durablenapkin_scams
2026-06-14 15:24:49.545599 [NOTICE] [RequestGroup.cc:1214] Download complete: /tmp/tmp.ZoxnOvCsed/BLOCK/dataplane_sshpwauth
2026-06-14 15:24:49.549985 [NOTICE] [RequestGroup.cc:1214] Download complete: /tmp/tmp.ZoxnOvCsed/BLOCK/durablenapkin_avast
2026-06-14 15:24:49.552751 [NOTICE] [RequestGroup.cc:1214] Download complete: /tmp/tmp.ZoxnOvCsed/BLOCK/durablenapkin_luminati
2026-06-14 15:24:49.577598 [NOTICE] [RequestGroup.cc:1214] Download complete: /tmp/tmp.ZoxnOvCsed/BLOCK/durablenapkin_tvstream
2026-06-14 15:24:49.580026 [NOTICE] [RequestGroup.cc:1214] Download complete: /tmp/tmp.ZoxnOvCsed/BLOCK/dataplane_vncrfb
2026-06-14 15:24:49.582195 [NOTICE] [RequestGroup.cc:1214] Download complete: /tmp/tmp.ZoxnOvCsed/BLOCK/easylist_finnish
2026-06-14 15:24:49.584874 [NOTICE] [RequestGroup.cc:1214] Download complete: /tmp/tmp.ZoxnOvCsed/BLOCK/dogino_discord
2026-06-14 15:24:49.586514 [NOTICE] [RequestGroup.cc:1214] Download complete: /tmp/tmp.ZoxnOvCsed/BLOCK/durablenapkin_streaming
2026-06-14 15:24:49.587509 [NOTICE] [RequestGroup.cc:1214] Download complete: /tmp/tmp.ZoxnOvCsed/BLOCK/fademind_unchecky
2026-06-14 15:24:49.592888 [NOTICE] [RequestGroup.cc:1214] Download complete: /tmp/tmp.ZoxnOvCsed/BLOCK/easylist_indonesian
2026-06-14 15:24:49.627026 [NOTICE] [RequestGroup.cc:1214] Download complete: /tmp/tmp.ZoxnOvCsed/BLOCK/fanboy_indian
2026-06-14 15:24:49.631882 [NOTICE] [RequestGroup.cc:1214] Download complete: /tmp/tmp.ZoxnOvCsed/BLOCK/energized_unblock
2026-06-14 15:24:49.640024 [NOTICE] [RequestGroup.cc:1214] Download complete: /tmp/tmp.ZoxnOvCsed/BLOCK/frellwits
2026-06-14 15:24:49.649029 [NOTICE] [RequestGroup.cc:1214] Download complete: /tmp/tmp.ZoxnOvCsed/BLOCK/fanboy_cookiemonster
2026-06-14 15:24:49.697482 [NOTICE] [RequestGroup.cc:1214] Download complete: /tmp/tmp.ZoxnOvCsed/BLOCK/futaguard_lowtech
2026-06-14 15:24:49.699358 [NOTICE] [HttpResponse.cc:168] CUID#87 - Redirecting to https://coi.gov.cz/userdata/files/dokumenty-ke-stazeni/open-data/rizikove.csv
2026-06-14 15:24:49.778137 [NOTICE] [RequestGroup.cc:1214] Download complete: /tmp/tmp.ZoxnOvCsed/BLOCK/cybercrime_all
2026-06-14 15:24:49.801949 [NOTICE] [RequestGroup.cc:1214] Download complete: /tmp/tmp.ZoxnOvCsed/BLOCK/bruteforceblocker
2026-06-14 15:24:49.813097 [NOTICE] [RequestGroup.cc:1214] Download complete: /tmp/tmp.ZoxnOvCsed/BLOCK/firehol_level4
2026-06-14 15:24:49.827405 [NOTICE] [RequestGroup.cc:1214] Download complete: /tmp/tmp.ZoxnOvCsed/BLOCK/cert_pl
2026-06-14 15:24:49.836872 [NOTICE] [RequestGroup.cc:1214] Download complete: /tmp/tmp.ZoxnOvCsed/BLOCK/giox_facebook
2026-06-14 15:24:49.842247 [NOTICE] [RequestGroup.cc:1214] Download complete: /tmp/tmp.ZoxnOvCsed/BLOCK/fanboy_antifonts
2026-06-14 15:24:49.854574 [NOTICE] [RequestGroup.cc:1214] Download complete: /tmp/tmp.ZoxnOvCsed/BLOCK/futaguard_nofarm
2026-06-14 15:24:49.865132 [NOTICE] [RequestGroup.cc:1214] Download complete: /tmp/tmp.ZoxnOvCsed/BLOCK/giox_filtri
2026-06-14 15:24:49.865927 [NOTICE] [RequestGroup.cc:1214] Download complete: /tmp/tmp.ZoxnOvCsed/BLOCK/futaguard_rpz
2026-06-14 15:24:49.896591 [NOTICE] [RequestGroup.cc:1214] Download complete: /tmp/tmp.ZoxnOvCsed/BLOCK/blp_everything
2026-06-14 15:24:49.898823 [NOTICE] [RequestGroup.cc:1214] Download complete: /tmp/tmp.ZoxnOvCsed/BLOCK/goodbye_ads_core
2026-06-14 15:24:49.899148 [NOTICE] [RequestGroup.cc:1214] Download complete: /tmp/tmp.ZoxnOvCsed/BLOCK/goodbye_ads_samsung
2026-06-14 15:24:49.903629 [NOTICE] [RequestGroup.cc:1214] Download complete: /tmp/tmp.ZoxnOvCsed/BLOCK/giox_siteblock
2026-06-14 15:24:49.906709 [NOTICE] [RequestGroup.cc:1214] Download complete: /tmp/tmp.ZoxnOvCsed/BLOCK/goodbye_ads_leeco
2026-06-14 15:24:49.926352 [NOTICE] [RequestGroup.cc:1214] Download complete: /tmp/tmp.ZoxnOvCsed/BLOCK/goodbye_ads_spotify
2026-06-14 15:24:49.928630 [NOTICE] [RequestGroup.cc:1214] Download complete: /tmp/tmp.ZoxnOvCsed/BLOCK/futaguard_tw165
2026-06-14 15:24:49.929356 [NOTICE] [RequestGroup.cc:1214] Download complete: /tmp/tmp.ZoxnOvCsed/BLOCK/goodbye_ads_xiaomi
2026-06-14 15:24:49.930798 [ERROR] [AbstractCommand.cc:401] CUID#145 - Download aborted. URI=https://raw.githubusercontent.com/hagezi/dns-blocklists/main/submit_pullrequest_here/deny_light-ultimate.txt
Exception: [AbstractCommand.cc:403] errorCode=4 URI=https://raw.githubusercontent.com/hagezi/dns-blocklists/main/submit_pullrequest_here/deny_light-ultimate.txt
  -> [RequestGroup.cc:1266] errorCode=4 Reached max-file-not-found count=1
2026-06-14 15:24:49.930922 [NOTICE] [RequestGroupMan.cc:424] Download GID#e9405e1fb7e77afb not complete: /tmp/tmp.ZoxnOvCsed/BLOCK/hagezi_default
2026-06-14 15:24:49.940433 [ERROR] [AbstractCommand.cc:401] CUID#146 - Download aborted. URI=https://raw.githubusercontent.com/hagezi/dns-blocklists/main/submit_pullrequest_here/deny_proplus-ultimate.txt
Exception: [AbstractCommand.cc:403] errorCode=4 URI=https://raw.githubusercontent.com/hagezi/dns-blocklists/main/submit_pullrequest_here/deny_proplus-ultimate.txt
  -> [RequestGroup.cc:1266] errorCode=4 Reached max-file-not-found count=1
2026-06-14 15:24:49.940515 [NOTICE] [RequestGroupMan.cc:424] Download GID#13295520f50aa07e not complete: /tmp/tmp.ZoxnOvCsed/BLOCK/hagezi_extra
2026-06-14 15:24:49.962761 [ERROR] [AbstractCommand.cc:401] CUID#147 - Download aborted. URI=https://raw.githubusercontent.com/hagezi/dns-blocklists/main/submit_pullrequest_here/deny_popupads.txt
Exception: [AbstractCommand.cc:403] errorCode=4 URI=https://raw.githubusercontent.com/hagezi/dns-blocklists/main/submit_pullrequest_here/deny_popupads.txt
  -> [RequestGroup.cc:1266] errorCode=4 Reached max-file-not-found count=1
2026-06-14 15:24:49.962882 [NOTICE] [RequestGroupMan.cc:424] Download GID#179facaff530f245 not complete: /tmp/tmp.ZoxnOvCsed/BLOCK/hagezi_popupads
2026-06-14 15:24:49.966917 [ERROR] [AbstractCommand.cc:401] CUID#148 - Download aborted. URI=https://raw.githubusercontent.com/hagezi/dns-blocklists/main/submit_pullrequest_here/deny_tif.txt
Exception: [AbstractCommand.cc:403] errorCode=4 URI=https://raw.githubusercontent.com/hagezi/dns-blocklists/main/submit_pullrequest_here/deny_tif.txt
  -> [RequestGroup.cc:1266] errorCode=4 Reached max-file-not-found count=1
2026-06-14 15:24:49.966998 [NOTICE] [RequestGroupMan.cc:424] Download GID#f3a664ea53e17ac1 not complete: /tmp/tmp.ZoxnOvCsed/BLOCK/hagezi_threats
2026-06-14 15:24:49.970076 [NOTICE] [RequestGroup.cc:1214] Download complete: /tmp/tmp.ZoxnOvCsed/BLOCK/darklist
2026-06-14 15:24:49.972315 [NOTICE] [RequestGroup.cc:1214] Download complete: /tmp/tmp.ZoxnOvCsed/BLOCK/czech_risky_eshops
2026-06-14 15:24:49.997006 [NOTICE] [RequestGroup.cc:1214] Download complete: /tmp/tmp.ZoxnOvCsed/BLOCK/esox_lucius
2026-06-14 15:24:50.207292 [NOTICE] [RequestGroup.cc:1214] Download complete: /tmp/tmp.ZoxnOvCsed/BLOCK/cyberhost
2026-06-14 15:24:50.233357 [NOTICE] [RequestGroup.cc:1214] Download complete: /tmp/tmp.ZoxnOvCsed/BLOCK/air_malware
2026-06-14 15:24:50.266278 [ERROR] [AbstractCommand.cc:349] CUID#153 - Download aborted. URI=https://git.herrbischoff.com/trackers/plain/domains.txt
Exception: [AbstractCommand.cc:351] errorCode=1 URI=https://git.herrbischoff.com/trackers/plain/domains.txt
  -> [SocketCore.cc:1019] errorCode=1 SSL/TLS handshake failure:  `not signed by known authorities or invalid' `expired'
2026-06-14 15:24:50.266369 [NOTICE] [RequestGroupMan.cc:424] Download GID#4296f486887abfb4 not complete: /tmp/tmp.ZoxnOvCsed/BLOCK/herrbischoff_domains
2026-06-14 15:24:50.267754 [ERROR] [AbstractCommand.cc:349] CUID#149 - Download aborted. URI=https://git.herrbischoff.com/trackers/plain/advertising.txt
Exception: [AbstractCommand.cc:351] errorCode=1 URI=https://git.herrbischoff.com/trackers/plain/advertising.txt
  -> [SocketCore.cc:1019] errorCode=1 SSL/TLS handshake failure:  `not signed by known authorities or invalid' `expired'
2026-06-14 15:24:50.267839 [NOTICE] [RequestGroupMan.cc:424] Download GID#651ba8c2a70074e9 not complete: /tmp/tmp.ZoxnOvCsed/BLOCK/herrbischoff_advertising
2026-06-14 15:24:50.269755 [ERROR] [AbstractCommand.cc:349] CUID#155 - Download aborted. URI=https://git.herrbischoff.com/trackers/plain/reject.txt
Exception: [AbstractCommand.cc:351] errorCode=1 URI=https://git.herrbischoff.com/trackers/plain/reject.txt
  -> [SocketCore.cc:1019] errorCode=1 SSL/TLS handshake failure:  `not signed by known authorities or invalid' `expired'
2026-06-14 15:24:50.270103 [NOTICE] [RequestGroupMan.cc:424] Download GID#26550a44b822bdb8 not complete: /tmp/tmp.ZoxnOvCsed/BLOCK/herrbischoff_reject
2026-06-14 15:24:50.272057 [ERROR] [AbstractCommand.cc:349] CUID#152 - Download aborted. URI=https://git.herrbischoff.com/trackers/plain/cookie.txt
Exception: [AbstractCommand.cc:351] errorCode=1 URI=https://git.herrbischoff.com/trackers/plain/cookie.txt
  -> [SocketCore.cc:1019] errorCode=1 SSL/TLS handshake failure:  `not signed by known authorities or invalid' `expired'
2026-06-14 15:24:50.272121 [NOTICE] [RequestGroupMan.cc:424] Download GID#8bd649b70f6a878b not complete: /tmp/tmp.ZoxnOvCsed/BLOCK/herrbischoff_cookie
2026-06-14 15:24:50.290895 [ERROR] [AbstractCommand.cc:349] CUID#156 - Download aborted. URI=https://git.herrbischoff.com/trackers/plain/spam.txt
Exception: [AbstractCommand.cc:351] errorCode=1 URI=https://git.herrbischoff.com/trackers/plain/spam.txt
  -> [SocketCore.cc:1019] errorCode=1 SSL/TLS handshake failure:  `not signed by known authorities or invalid' `expired'
2026-06-14 15:24:50.290974 [NOTICE] [RequestGroupMan.cc:424] Download GID#436b4038b5956116 not complete: /tmp/tmp.ZoxnOvCsed/BLOCK/herrbischoff_spam_domains
2026-06-14 15:24:50.307978 [NOTICE] [RequestGroup.cc:1214] Download complete: /tmp/tmp.ZoxnOvCsed/BLOCK/hexxium
2026-06-14 15:24:50.373816 [NOTICE] [RequestGroup.cc:1214] Download complete: /tmp/tmp.ZoxnOvCsed/BLOCK/herrbischoff_badasn
2026-06-14 15:24:50.374995 [NOTICE] [RequestGroup.cc:1214] Download complete: /tmp/tmp.ZoxnOvCsed/BLOCK/herrbischoff_ai
2026-06-14 15:24:50.384315 [NOTICE] [RequestGroup.cc:1214] Download complete: /tmp/tmp.ZoxnOvCsed/BLOCK/hostsvn
2026-06-14 15:24:50.421081 [NOTICE] [RequestGroup.cc:1214] Download complete: /tmp/tmp.ZoxnOvCsed/BLOCK/hpthreatresearch_ta551
2026-06-14 15:24:50.463438 [NOTICE] [RequestGroup.cc:1214] Download complete: /tmp/tmp.ZoxnOvCsed/BLOCK/greensnow
2026-06-14 15:24:50.465800 [NOTICE] [RequestGroup.cc:1214] Download complete: /tmp/tmp.ZoxnOvCsed/BLOCK/iam_py_test_antimalware
2026-06-14 15:24:50.491621 [NOTICE] [HttpResponse.cc:168] CUID#169 - Redirecting to http://list.iblocklist.com/humantest?list=dufcxgnbjsdwmwctgfuj&fileformat=cidr&archiveformat=gz
2026-06-14 15:24:50.496443 [ERROR] [AbstractCommand.cc:349] CUID#157 - Download aborted. URI=https://git.herrbischoff.com/trackers/plain/spam.netset
Exception: [AbstractCommand.cc:351] errorCode=1 URI=https://git.herrbischoff.com/trackers/plain/spam.netset
  -> [SocketCore.cc:1019] errorCode=1 SSL/TLS handshake failure:  `not signed by known authorities or invalid' `expired'
2026-06-14 15:24:50.496527 [NOTICE] [RequestGroupMan.cc:424] Download GID#53f1915fb095bc5d not complete: /tmp/tmp.ZoxnOvCsed/BLOCK/herrbischoff_spam_ips
2026-06-14 15:24:50.500044 [ERROR] [AbstractCommand.cc:349] CUID#169 - Download aborted. URI=http://list.iblocklist.com?list=dufcxgnbjsdwmwctgfuj&fileformat=cidr&archiveformat=gz
Exception: [AbstractCommand.cc:351] errorCode=24 URI=http://list.iblocklist.com/humantest?list=dufcxgnbjsdwmwctgfuj&fileformat=cidr&archiveformat=gz
  -> [HttpSkipResponseCommand.cc:215] errorCode=24 Authorization failed.
2026-06-14 15:24:50.500062 [NOTICE] [RequestGroupMan.cc:424] Download GID#85a2361d7710ab38 not complete: /tmp/tmp.ZoxnOvCsed/BLOCK/iblocklist_pedos
2026-06-14 15:24:50.507682 [NOTICE] [RequestGroup.cc:1214] Download complete: /tmp/tmp.ZoxnOvCsed/BLOCK/geoffrey_frogeye_multiparty
2026-06-14 15:24:50.530071 [ERROR] [AbstractCommand.cc:349] CUID#158 - Download aborted. URI=https://git.herrbischoff.com/trackers/plain/telemetry.txt
Exception: [AbstractCommand.cc:351] errorCode=1 URI=https://git.herrbischoff.com/trackers/plain/telemetry.txt
  -> [SocketCore.cc:1019] errorCode=1 SSL/TLS handshake failure:  `not signed by known authorities or invalid' `expired'
2026-06-14 15:24:50.530167 [NOTICE] [RequestGroupMan.cc:424] Download GID#b8909ef9e0600fee not complete: /tmp/tmp.ZoxnOvCsed/BLOCK/herrbischoff_telemetry
2026-06-14 15:24:50.534726 [NOTICE] [RequestGroup.cc:1214] Download complete: /tmp/tmp.ZoxnOvCsed/BLOCK/infinitytec_ads_and_trackers
2026-06-14 15:24:50.552788 [NOTICE] [RequestGroup.cc:1214] Download complete: /tmp/tmp.ZoxnOvCsed/BLOCK/anudeep_coinminer
2026-06-14 15:24:50.563353 [ERROR] [AbstractCommand.cc:349] CUID#159 - Download aborted. URI=https://git.herrbischoff.com/trackers/plain/trackers.txt
Exception: [AbstractCommand.cc:351] errorCode=1 URI=https://git.herrbischoff.com/trackers/plain/trackers.txt
  -> [SocketCore.cc:1019] errorCode=1 SSL/TLS handshake failure:  `not signed by known authorities or invalid' `expired'
2026-06-14 15:24:50.563550 [NOTICE] [RequestGroupMan.cc:424] Download GID#371c530f6af46aa2 not complete: /tmp/tmp.ZoxnOvCsed/BLOCK/herrbischoff_trackers
2026-06-14 15:24:50.571713 [NOTICE] [RequestGroup.cc:1214] Download complete: /tmp/tmp.ZoxnOvCsed/BLOCK/fanboy_ultimate
2026-06-14 15:24:50.576202 [NOTICE] [RequestGroup.cc:1214] Download complete: /tmp/tmp.ZoxnOvCsed/BLOCK/infinitytec_medical_pseudoscience
2026-06-14 15:24:50.576539 [NOTICE] [RequestGroup.cc:1214] Download complete: /tmp/tmp.ZoxnOvCsed/BLOCK/infinitytec_multi_level_marketing
2026-06-14 15:24:50.577808 [NOTICE] [RequestGroup.cc:1214] Download complete: /tmp/tmp.ZoxnOvCsed/BLOCK/infinitytec_scams_and_phishing
2026-06-14 15:24:50.580514 [NOTICE] [RequestGroup.cc:1214] Download complete: /tmp/tmp.ZoxnOvCsed/BLOCK/anudeep_facebook
2026-06-14 15:24:50.619961 [NOTICE] [RequestGroup.cc:1214] Download complete: /tmp/tmp.ZoxnOvCsed/BLOCK/ipsum
2026-06-14 15:24:50.623474 [NOTICE] [RequestGroup.cc:1214] Download complete: /tmp/tmp.ZoxnOvCsed/BLOCK/interserver
2026-06-14 15:24:50.646644 [NOTICE] [RequestGroup.cc:1214] Download complete: /tmp/tmp.ZoxnOvCsed/BLOCK/ilpl
2026-06-14 15:24:50.657567 [NOTICE] [RequestGroup.cc:1214] Download complete: /tmp/tmp.ZoxnOvCsed/BLOCK/giox_upd
2026-06-14 15:24:50.682755 [NOTICE] [RequestGroup.cc:1214] Download complete: /tmp/tmp.ZoxnOvCsed/BLOCK/herrbischoff_ipbl
2026-06-14 15:24:50.716430 [NOTICE] [RequestGroup.cc:1214] Download complete: /tmp/tmp.ZoxnOvCsed/BLOCK/ios_trackers
2026-06-14 15:24:50.825039 [NOTICE] [RequestGroup.cc:1214] Download complete: /tmp/tmp.ZoxnOvCsed/BLOCK/isc_adscore
2026-06-14 15:24:50.850072 [NOTICE] [RequestGroup.cc:1214] Download complete: /tmp/tmp.ZoxnOvCsed/BLOCK/isc_arbor
2026-06-14 15:24:50.851426 [NOTICE] [RequestGroup.cc:1214] Download complete: /tmp/tmp.ZoxnOvCsed/BLOCK/isc_blindferret
2026-06-14 15:24:50.864734 [NOTICE] [RequestGroup.cc:1214] Download complete: /tmp/tmp.ZoxnOvCsed/BLOCK/inquest
2026-06-14 15:24:50.888212 [NOTICE] [RequestGroup.cc:1214] Download complete: /tmp/tmp.ZoxnOvCsed/BLOCK/isc_cybergreen
2026-06-14 15:24:50.920514 [NOTICE] [RequestGroup.cc:1214] Download complete: /tmp/tmp.ZoxnOvCsed/BLOCK/isc_erratasec
2026-06-14 15:24:50.978876 [NOTICE] [RequestGroup.cc:1214] Download complete: /tmp/tmp.ZoxnOvCsed/BLOCK/isc_censys
2026-06-14 15:24:51.017878 [NOTICE] [RequestGroup.cc:1214] Download complete: /tmp/tmp.ZoxnOvCsed/BLOCK/isc_internetcensus
2026-06-14 15:24:51.035648 [NOTICE] [RequestGroup.cc:1214] Download complete: /tmp/tmp.ZoxnOvCsed/BLOCK/isc_ipip
2026-06-14 15:24:51.118468 [NOTICE] [RequestGroup.cc:1214] Download complete: /tmp/tmp.ZoxnOvCsed/BLOCK/honeynet_asia_mssqld
2026-06-14 15:24:51.119051 [NOTICE] [RequestGroup.cc:1214] Download complete: /tmp/tmp.ZoxnOvCsed/BLOCK/honeynet_asia_smbd
2026-06-14 15:24:51.136323 [NOTICE] [RequestGroup.cc:1214] Download complete: /tmp/tmp.ZoxnOvCsed/BLOCK/isc_rapid7sonar
2026-06-14 15:24:51.139630 [NOTICE] [RequestGroup.cc:1214] Download complete: /tmp/tmp.ZoxnOvCsed/BLOCK/isc_recyber
2026-06-14 15:24:51.143628 [NOTICE] [RequestGroup.cc:1214] Download complete: /tmp/tmp.ZoxnOvCsed/BLOCK/isc_scorecard
2026-06-14 15:24:51.148218 [NOTICE] [RequestGroup.cc:1214] Download complete: /tmp/tmp.ZoxnOvCsed/BLOCK/isc_onyphe
2026-06-14 15:24:51.152461 [NOTICE] [RequestGroup.cc:1214] Download complete: /tmp/tmp.ZoxnOvCsed/BLOCK/isc_netsystems
2026-06-14 15:24:51.159967 [NOTICE] [RequestGroup.cc:1214] Download complete: /tmp/tmp.ZoxnOvCsed/BLOCK/jamesbrine
2026-06-14 15:24:51.185511 [NOTICE] [RequestGroup.cc:1214] Download complete: /tmp/tmp.ZoxnOvCsed/BLOCK/blocklist_ua
2026-06-14 15:24:51.188097 [NOTICE] [RequestGroup.cc:1214] Download complete: /tmp/tmp.ZoxnOvCsed/BLOCK/isc_shodan
2026-06-14 15:24:51.270111 [NOTICE] [RequestGroup.cc:1214] Download complete: /tmp/tmp.ZoxnOvCsed/BLOCK/jawz101
2026-06-14 15:24:51.318457 [NOTICE] [RequestGroup.cc:1214] Download complete: /tmp/tmp.ZoxnOvCsed/BLOCK/in0de
2026-06-14 15:24:51.333295 [NOTICE] [RequestGroup.cc:1214] Download complete: /tmp/tmp.ZoxnOvCsed/BLOCK/kadhosts
2026-06-14 15:24:51.350157 [ERROR] [AbstractCommand.cc:401] CUID#210 - Download aborted. URI=https://raw.githubusercontent.com/KodoPengin/GameIndustry-hosts-Template/master/Amazon-FireStick/hosts
Exception: [AbstractCommand.cc:403] errorCode=4 URI=https://raw.githubusercontent.com/KodoPengin/GameIndustry-hosts-Template/master/Amazon-FireStick/hosts
  -> [RequestGroup.cc:1266] errorCode=4 Reached max-file-not-found count=1
2026-06-14 15:24:51.350269 [NOTICE] [RequestGroupMan.cc:424] Download GID#c870c5a00f8e2ad2 not complete: /tmp/tmp.ZoxnOvCsed/BLOCK/kodopenguin_amazon_firestick
2026-06-14 15:24:51.360559 [NOTICE] [RequestGroup.cc:1214] Download complete: /tmp/tmp.ZoxnOvCsed/BLOCK/isc_univsydney
2026-06-14 15:24:51.363312 [ERROR] [AbstractCommand.cc:401] CUID#237 - Download aborted. URI=https://raw.githubusercontent.com/KodoPengin/GameIndustry-hosts-Template/master/Android-Mini-Template/hosts
Exception: [AbstractCommand.cc:403] errorCode=4 URI=https://raw.githubusercontent.com/KodoPengin/GameIndustry-hosts-Template/master/Android-Mini-Template/hosts
  -> [RequestGroup.cc:1266] errorCode=4 Reached max-file-not-found count=1
2026-06-14 15:24:51.363395 [NOTICE] [RequestGroupMan.cc:424] Download GID#f7a0c9dd950f0a34 not complete: /tmp/tmp.ZoxnOvCsed/BLOCK/kodopenguin_android
2026-06-14 15:24:51.365280 [NOTICE] [RequestGroup.cc:1214] Download complete: /tmp/tmp.ZoxnOvCsed/BLOCK/isc_univmichigan
2026-06-14 15:24:51.366497 [NOTICE] [RequestGroup.cc:1214] Download complete: /tmp/tmp.ZoxnOvCsed/BLOCK/isc_stretchoid
2026-06-14 15:24:51.372637 [ERROR] [AbstractCommand.cc:401] CUID#238 - Download aborted. URI=https://raw.githubusercontent.com/KodoPengin/GameIndustry-hosts-Template/master/Gaming-Full-Template/hosts
Exception: [AbstractCommand.cc:403] errorCode=4 URI=https://raw.githubusercontent.com/KodoPengin/GameIndustry-hosts-Template/master/Gaming-Full-Template/hosts
  -> [RequestGroup.cc:1266] errorCode=4 Reached max-file-not-found count=1
2026-06-14 15:24:51.372727 [NOTICE] [RequestGroupMan.cc:424] Download GID#63590eaa67d75401 not complete: /tmp/tmp.ZoxnOvCsed/BLOCK/kodopenguin_gaming
2026-06-14 15:24:51.378005 [ERROR] [AbstractCommand.cc:401] CUID#239 - Download aborted. URI=https://raw.githubusercontent.com/KodoPengin/GameIndustry-hosts-Template/master/Main-Template/hosts
Exception: [AbstractCommand.cc:403] errorCode=4 URI=https://raw.githubusercontent.com/KodoPengin/GameIndustry-hosts-Template/master/Main-Template/hosts
  -> [RequestGroup.cc:1266] errorCode=4 Reached max-file-not-found count=1
2026-06-14 15:24:51.378081 [NOTICE] [RequestGroupMan.cc:424] Download GID#4fff6ffb6062b20a not complete: /tmp/tmp.ZoxnOvCsed/BLOCK/kodopenguin_main
2026-06-14 15:24:51.417160 [NOTICE] [RequestGroup.cc:1214] Download complete: /tmp/tmp.ZoxnOvCsed/BLOCK/lightswitch_amp_hosts
2026-06-14 15:24:51.434392 [NOTICE] [RequestGroup.cc:1214] Download complete: /tmp/tmp.ZoxnOvCsed/BLOCK/lightswitch_hate_and_junk
2026-06-14 15:24:51.437638 [NOTICE] [RequestGroup.cc:1214] Download complete: /tmp/tmp.ZoxnOvCsed/BLOCK/lightswitch_dating
2026-06-14 15:24:51.459828 [NOTICE] [RequestGroup.cc:1214] Download complete: /tmp/tmp.ZoxnOvCsed/BLOCK/lightswitch_facebook
2026-06-14 15:24:51.482572 [ERROR] [AbstractCommand.cc:401] CUID#246 - Download aborted. URI=https://raw.githubusercontent.com/List-KR/List-KR/refs/heads/master/adblocking/filters-share/1st_domains.txt
Exception: [AbstractCommand.cc:403] errorCode=4 URI=https://raw.githubusercontent.com/List-KR/List-KR/refs/heads/master/adblocking/filters-share/1st_domains.txt
  -> [RequestGroup.cc:1266] errorCode=4 Reached max-file-not-found count=1
2026-06-14 15:24:51.482701 [NOTICE] [RequestGroupMan.cc:424] Download GID#4da84ba9e3e63afc not complete: /tmp/tmp.ZoxnOvCsed/BLOCK/listkr_adblocking_first_domains
2026-06-14 15:24:51.492387 [NOTICE] [RequestGroup.cc:1214] Download complete: /tmp/tmp.ZoxnOvCsed/BLOCK/anudeep_adservers
2026-06-14 15:24:51.493289 [ERROR] [AbstractCommand.cc:401] CUID#247 - Download aborted. URI=https://raw.githubusercontent.com/List-KR/List-KR/refs/heads/master/adblocking/filters-share/3rd_domains.txt
Exception: [AbstractCommand.cc:403] errorCode=4 URI=https://raw.githubusercontent.com/List-KR/List-KR/refs/heads/master/adblocking/filters-share/3rd_domains.txt
  -> [RequestGroup.cc:1266] errorCode=4 Reached max-file-not-found count=1
2026-06-14 15:24:51.493428 [NOTICE] [RequestGroupMan.cc:424] Download GID#703d34ef390cb6e2 not complete: /tmp/tmp.ZoxnOvCsed/BLOCK/listkr_adblocking_third_domains
2026-06-14 15:24:51.498486 [NOTICE] [RequestGroup.cc:1214] Download complete: /tmp/tmp.ZoxnOvCsed/BLOCK/lightswitch_tracking_aggressive
2026-06-14 15:24:51.518367 [NOTICE] [RequestGroup.cc:1214] Download complete: /tmp/tmp.ZoxnOvCsed/BLOCK/lightswitch_ads_and_tracking
2026-06-14 15:24:51.518564 [ERROR] [AbstractCommand.cc:401] CUID#248 - Download aborted. URI=https://raw.githubusercontent.com/List-KR/List-KR/refs/heads/master/analytics/filters-share/1st_domains.txt
Exception: [AbstractCommand.cc:403] errorCode=4 URI=https://raw.githubusercontent.com/List-KR/List-KR/refs/heads/master/analytics/filters-share/1st_domains.txt
  -> [RequestGroup.cc:1266] errorCode=4 Reached max-file-not-found count=1
2026-06-14 15:24:51.518676 [NOTICE] [RequestGroupMan.cc:424] Download GID#37c98bd45f4d23ed not complete: /tmp/tmp.ZoxnOvCsed/BLOCK/listkr_analytics_first_domains
2026-06-14 15:24:51.525271 [ERROR] [AbstractCommand.cc:401] CUID#249 - Download aborted. URI=https://raw.githubusercontent.com/List-KR/List-KR/refs/heads/master/analytics/filters-share/3rd_domains.txt
Exception: [AbstractCommand.cc:403] errorCode=4 URI=https://raw.githubusercontent.com/List-KR/List-KR/refs/heads/master/analytics/filters-share/3rd_domains.txt
  -> [RequestGroup.cc:1266] errorCode=4 Reached max-file-not-found count=1
2026-06-14 15:24:51.525359 [NOTICE] [RequestGroupMan.cc:424] Download GID#52386b469971114c not complete: /tmp/tmp.ZoxnOvCsed/BLOCK/listkr_analytics_third_domains
2026-06-14 15:24:51.528721 [ERROR] [AbstractCommand.cc:401] CUID#250 - Download aborted. URI=https://raw.githubusercontent.com/List-KR/List-KR/refs/heads/master/annoyance/filters-share/1st_domains.txt
Exception: [AbstractCommand.cc:403] errorCode=4 URI=https://raw.githubusercontent.com/List-KR/List-KR/refs/heads/master/annoyance/filters-share/1st_domains.txt
  -> [RequestGroup.cc:1266] errorCode=4 Reached max-file-not-found count=1
2026-06-14 15:24:51.528794 [NOTICE] [RequestGroupMan.cc:424] Download GID#f000d0bd2ee1197a not complete: /tmp/tmp.ZoxnOvCsed/BLOCK/listkr_annoyance_first_domains
2026-06-14 15:24:51.535685 [ERROR] [AbstractCommand.cc:401] CUID#251 - Download aborted. URI=https://raw.githubusercontent.com/List-KR/List-KR/refs/heads/master/annoyance/filters-share/3rd_domains.txt
Exception: [AbstractCommand.cc:403] errorCode=4 URI=https://raw.githubusercontent.com/List-KR/List-KR/refs/heads/master/annoyance/filters-share/3rd_domains.txt
  -> [RequestGroup.cc:1266] errorCode=4 Reached max-file-not-found count=1
2026-06-14 15:24:51.535781 [NOTICE] [RequestGroupMan.cc:424] Download GID#d4c35e662c3bc9af not complete: /tmp/tmp.ZoxnOvCsed/BLOCK/listkr_annoyance_third_domains
2026-06-14 15:24:51.548556 [NOTICE] [RequestGroup.cc:1214] Download complete: /tmp/tmp.ZoxnOvCsed/BLOCK/jeroengui_web_shell_domains
2026-06-14 15:24:51.551906 [NOTICE] [RequestGroup.cc:1214] Download complete: /tmp/tmp.ZoxnOvCsed/BLOCK/jeroengui_phishing_domains
2026-06-14 15:24:51.552594 [NOTICE] [RequestGroup.cc:1214] Download complete: /tmp/tmp.ZoxnOvCsed/BLOCK/jeroengui_malware_domains
2026-06-14 15:24:51.555198 [NOTICE] [RequestGroup.cc:1214] Download complete: /tmp/tmp.ZoxnOvCsed/BLOCK/jeroengui_scam_ips
2026-06-14 15:24:51.555411 [ERROR] [AbstractCommand.cc:401] CUID#254 - Download aborted. URI=https://raw.githubusercontent.com/logroid/adaway-hosts/master/hosts.txt
Exception: [AbstractCommand.cc:403] errorCode=4 URI=https://raw.githubusercontent.com/logroid/adaway-hosts/master/hosts.txt
  -> [RequestGroup.cc:1266] errorCode=4 Reached max-file-not-found count=1
2026-06-14 15:24:51.555541 [NOTICE] [RequestGroupMan.cc:424] Download GID#b875da3688fe2359 not complete: /tmp/tmp.ZoxnOvCsed/BLOCK/logroid
2026-06-14 15:24:51.556929 [NOTICE] [RequestGroup.cc:1214] Download complete: /tmp/tmp.ZoxnOvCsed/BLOCK/jeroengui_phishing_ips
2026-06-14 15:24:51.563567 [ERROR] [AbstractCommand.cc:349] CUID#256 - Download aborted. URI=http://phishing.mailscanner.info/phishing.bad.sites.conf
Exception: [AbstractCommand.cc:351] errorCode=22 URI=http://phishing.mailscanner.info/phishing.bad.sites.conf
  -> [HttpSkipResponseCommand.cc:239] errorCode=22 The response status is not successful. status=403
2026-06-14 15:24:51.563671 [NOTICE] [RequestGroupMan.cc:424] Download GID#1b6e4702be7dc405 not complete: /tmp/tmp.ZoxnOvCsed/BLOCK/mailscanner_bad_phishing
2026-06-14 15:24:51.565955 [NOTICE] [RequestGroup.cc:1214] Download complete: /tmp/tmp.ZoxnOvCsed/BLOCK/littlecordines_general
2026-06-14 15:24:51.572150 [NOTICE] [RequestGroup.cc:1214] Download complete: /tmp/tmp.ZoxnOvCsed/BLOCK/jeroengui_malware_ips
2026-06-14 15:24:51.576540 [NOTICE] [RequestGroup.cc:1214] Download complete: /tmp/tmp.ZoxnOvCsed/BLOCK/majkiit_hostfile
2026-06-14 15:24:51.577573 [NOTICE] [RequestGroup.cc:1214] Download complete: /tmp/tmp.ZoxnOvCsed/BLOCK/jeroengui_web_shell_ips
2026-06-14 15:24:51.579290 [NOTICE] [RequestGroup.cc:1214] Download complete: /tmp/tmp.ZoxnOvCsed/BLOCK/littlecordines_porn
2026-06-14 15:24:51.584261 [NOTICE] [RequestGroup.cc:1214] Download complete: /tmp/tmp.ZoxnOvCsed/BLOCK/jeroengui_scam_domains
2026-06-14 15:24:51.585396 [NOTICE] [RequestGroup.cc:1214] Download complete: /tmp/tmp.ZoxnOvCsed/BLOCK/marktron_fakenews
2026-06-14 15:24:51.597618 [NOTICE] [RequestGroup.cc:1214] Download complete: /tmp/tmp.ZoxnOvCsed/BLOCK/matomo
2026-06-14 15:24:51.599449 [NOTICE] [RequestGroup.cc:1214] Download complete: /tmp/tmp.ZoxnOvCsed/BLOCK/maltrail_ips
2026-06-14 15:24:51.606329 [NOTICE] [RequestGroup.cc:1214] Download complete: /tmp/tmp.ZoxnOvCsed/BLOCK/metamask
2026-06-14 15:24:51.611500 [ERROR] [AbstractCommand.cc:401] CUID#271 - Download aborted. URI=https://raw.githubusercontent.com/miriquidi/dns-block-lists/main/block.txt
Exception: [AbstractCommand.cc:403] errorCode=4 URI=https://raw.githubusercontent.com/miriquidi/dns-block-lists/main/block.txt
  -> [RequestGroup.cc:1266] errorCode=4 Reached max-file-not-found count=1
2026-06-14 15:24:51.611613 [NOTICE] [RequestGroupMan.cc:424] Download GID#f21b8aadd6ab47d6 not complete: /tmp/tmp.ZoxnOvCsed/BLOCK/miriquidi
2026-06-14 15:24:51.621093 [NOTICE] [RequestGroup.cc:1214] Download complete: /tmp/tmp.ZoxnOvCsed/BLOCK/lukes_list
2026-06-14 15:24:51.621907 [NOTICE] [RequestGroup.cc:1214] Download complete: /tmp/tmp.ZoxnOvCsed/BLOCK/minecraft_hosts
2026-06-14 15:24:51.629340 [NOTICE] [RequestGroup.cc:1214] Download complete: /tmp/tmp.ZoxnOvCsed/BLOCK/migueldemoura_ads
2026-06-14 15:24:51.633350 [NOTICE] [RequestGroup.cc:1214] Download complete: /tmp/tmp.ZoxnOvCsed/BLOCK/neo23x0
2026-06-14 15:24:51.635391 [NOTICE] [RequestGroup.cc:1214] Download complete: /tmp/tmp.ZoxnOvCsed/BLOCK/malware_discoverer
2026-06-14 15:24:51.638342 [NOTICE] [RequestGroup.cc:1214] Download complete: /tmp/tmp.ZoxnOvCsed/BLOCK/mobiletrackers_windows
2026-06-14 15:24:51.650433 [NOTICE] [RequestGroup.cc:1214] Download complete: /tmp/tmp.ZoxnOvCsed/BLOCK/mochifilter_dns
2026-06-14 15:24:51.655161 [NOTICE] [RequestGroup.cc:1214] Download complete: /tmp/tmp.ZoxnOvCsed/BLOCK/msedge
2026-06-14 15:24:51.656603 [NOTICE] [RequestGroup.cc:1214] Download complete: /tmp/tmp.ZoxnOvCsed/BLOCK/nextdns_cname_cloaking
2026-06-14 15:24:51.657482 [NOTICE] [RequestGroup.cc:1214] Download complete: /tmp/tmp.ZoxnOvCsed/BLOCK/mobiletrackers_list
2026-06-14 15:24:51.660971 [NOTICE] [RequestGroup.cc:1214] Download complete: /tmp/tmp.ZoxnOvCsed/BLOCK/nextdns_tracking_alexa
2026-06-14 15:24:51.671657 [NOTICE] [RequestGroup.cc:1214] Download complete: /tmp/tmp.ZoxnOvCsed/BLOCK/nextdns_tracking_apple
2026-06-14 15:24:51.672990 [NOTICE] [RequestGroup.cc:1214] Download complete: /tmp/tmp.ZoxnOvCsed/BLOCK/nextdns_no_safesearch
2026-06-14 15:24:51.682386 [NOTICE] [RequestGroup.cc:1214] Download complete: /tmp/tmp.ZoxnOvCsed/BLOCK/nextdns_tracking_huawei
2026-06-14 15:24:51.682642 [NOTICE] [RequestGroup.cc:1214] Download complete: /tmp/tmp.ZoxnOvCsed/BLOCK/nextdns_tracking_roku
2026-06-14 15:24:51.683829 [NOTICE] [RequestGroup.cc:1214] Download complete: /tmp/tmp.ZoxnOvCsed/BLOCK/nextdns_tracking_samsung
2026-06-14 15:24:51.685798 [NOTICE] [RequestGroup.cc:1214] Download complete: /tmp/tmp.ZoxnOvCsed/BLOCK/nextdns_tracking_sonos
2026-06-14 15:24:51.689252 [NOTICE] [RequestGroup.cc:1214] Download complete: /tmp/tmp.ZoxnOvCsed/BLOCK/nocoin
2026-06-14 15:24:51.697377 [NOTICE] [RequestGroup.cc:1214] Download complete: /tmp/tmp.ZoxnOvCsed/BLOCK/nextdns_tracking_windows
2026-06-14 15:24:51.713503 [NOTICE] [RequestGroup.cc:1214] Download complete: /tmp/tmp.ZoxnOvCsed/BLOCK/nextdns_tracking_xiaomi
2026-06-14 15:24:51.725434 [NOTICE] [RequestGroup.cc:1214] Download complete: /tmp/tmp.ZoxnOvCsed/BLOCK/maltrail_domains
2026-06-14 15:24:51.729722 [NOTICE] [RequestGroup.cc:1214] Download complete: /tmp/tmp.ZoxnOvCsed/BLOCK/nolovia_government
2026-06-14 15:24:51.747412 [NOTICE] [RequestGroup.cc:1214] Download complete: /tmp/tmp.ZoxnOvCsed/BLOCK/no_qanon
2026-06-14 15:24:51.757538 [NOTICE] [RequestGroup.cc:1214] Download complete: /tmp/tmp.ZoxnOvCsed/BLOCK/malsilo
2026-06-14 15:24:51.769293 [NOTICE] [RequestGroup.cc:1214] Download complete: /tmp/tmp.ZoxnOvCsed/BLOCK/openphish
2026-06-14 15:24:51.781261 [NOTICE] [RequestGroup.cc:1214] Download complete: /tmp/tmp.ZoxnOvCsed/BLOCK/not_on_my_shift
2026-06-14 15:24:51.788493 [NOTICE] [RequestGroup.cc:1214] Download complete: /tmp/tmp.ZoxnOvCsed/BLOCK/migueldemoura_malware
2026-06-14 15:24:51.800728 [NOTICE] [RequestGroup.cc:1214] Download complete: /tmp/tmp.ZoxnOvCsed/BLOCK/majkiit_hole_cert
2026-06-14 15:24:51.825859 [NOTICE] [RequestGroup.cc:1214] Download complete: /tmp/tmp.ZoxnOvCsed/BLOCK/perflyst_amazon_fire_tv
2026-06-14 15:24:51.831888 [NOTICE] [RequestGroup.cc:1214] Download complete: /tmp/tmp.ZoxnOvCsed/BLOCK/perflyst_android_tracking
2026-06-14 15:24:51.906287 [NOTICE] [RequestGroup.cc:1214] Download complete: /tmp/tmp.ZoxnOvCsed/BLOCK/notrack_malware
2026-06-14 15:24:51.913198 [NOTICE] [RequestGroup.cc:1214] Download complete: /tmp/tmp.ZoxnOvCsed/BLOCK/perflyst_smart_tv
2026-06-14 15:24:51.934065 [NOTICE] [RequestGroup.cc:1214] Download complete: /tmp/tmp.ZoxnOvCsed/BLOCK/notrack_tracker_radar
2026-06-14 15:24:51.938287 [NOTICE] [RequestGroup.cc:1214] Download complete: /tmp/tmp.ZoxnOvCsed/BLOCK/phishfort
2026-06-14 15:24:51.968222 [NOTICE] [RequestGroup.cc:1214] Download complete: /tmp/tmp.ZoxnOvCsed/BLOCK/ph00lt0
2026-06-14 15:24:51.972924 [NOTICE] [RequestGroup.cc:1214] Download complete: /tmp/tmp.ZoxnOvCsed/BLOCK/perflyst_session_replay
2026-06-14 15:24:52.007063 [NOTICE] [HttpResponse.cc:168] CUID#270 - Redirecting to https://www.poonsap-thaimassage.de/about/
2026-06-14 15:24:52.009280 [NOTICE] [RequestGroup.cc:1214] Download complete: /tmp/tmp.ZoxnOvCsed/BLOCK/phishing_db_add_domain
2026-06-14 15:24:52.059283 [ERROR] [AbstractCommand.cc:401] CUID#311 - Download aborted. URI=https://phishstats.info/phish_score.csv
Exception: [AbstractCommand.cc:403] errorCode=4 URI=https://phishstats.info/phish_score.csv
  -> [RequestGroup.cc:1266] errorCode=4 Reached max-file-not-found count=1
2026-06-14 15:24:52.059370 [NOTICE] [RequestGroupMan.cc:424] Download GID#a275291c17444daf not complete: /tmp/tmp.ZoxnOvCsed/BLOCK/phishstats
2026-06-14 15:24:52.142983 [NOTICE] [RequestGroup.cc:1214] Download complete: /tmp/tmp.ZoxnOvCsed/BLOCK/opendbl_cisco_talos
2026-06-14 15:24:52.175895 [NOTICE] [RequestGroup.cc:1214] Download complete: /tmp/tmp.ZoxnOvCsed/BLOCK/phishunt
2026-06-14 15:24:52.188682 [NOTICE] [RequestGroup.cc:1214] Download complete: /tmp/tmp.ZoxnOvCsed/BLOCK/palemoon
2026-06-14 15:24:52.209665 [NOTICE] [HttpResponse.cc:168] CUID#312 - Redirecting to https://cdn.phishtank.com/datadumps/verified_online.csv?Expires=1781450608&Signature=UVHg5JFg9lAVkTgmcc44S~1k0bZW85gPZMyASSpkPUgS166eLwMALPMgbPUgTH2EFzrK~tjxZ~8Vi4NsUZvbSVDAUfOPwBK4GvY0ZJ~iyW2Fya4CXrY8vY6BXS0bjhJ4viAtMlojQuvs0uJSsxWtxIdlU8xQ4M8qGN7TYOXPRzSEu8AQSfJk-1IMmpeOvb5vgYfpVHH4YTrMrl1OSqv2s9ljh8h9EI3BX6PlnByRF~HcW1ZGtQ325qDzGhpq5YcvVC6jUMJQIKXbGTrxcWEnp8XRyO7WxrVoU70bV15llt5rQ3EHu3WAgunnTUe36AhtM9yt18AAKoDYrJPTOkaV3A__&Key-Pair-Id=APKAILB45UG3RB4CSOJA
2026-06-14 15:24:52.226241 [NOTICE] [RequestGroup.cc:1214] Download complete: /tmp/tmp.ZoxnOvCsed/BLOCK/orthrus_blocklist
2026-06-14 15:24:52.255911 [NOTICE] [RequestGroup.cc:1214] Download complete: /tmp/tmp.ZoxnOvCsed/BLOCK/noplaylist
2026-06-14 15:24:52.340069 [NOTICE] [RequestGroup.cc:1214] Download complete: /tmp/tmp.ZoxnOvCsed/BLOCK/phishing_army
2026-06-14 15:24:52.374455 [NOTICE] [HttpResponse.cc:168] CUID#270 - Redirecting to https://bellydancingforfortuneandfame.com/article/3-uk-stocks-to-buy-as-ftse-100-drops-aviva-marks-spencer-volex
2026-06-14 15:24:52.459809 [NOTICE] [RequestGroup.cc:1214] Download complete: /tmp/tmp.ZoxnOvCsed/BLOCK/npc_hosts
2026-06-14 15:24:52.569841 [NOTICE] [HttpResponse.cc:168] CUID#336 - Redirecting to https://cdn.phishtank.com/datadumps/verified_online.csv?Expires=1781450608&Signature=UVHg5JFg9lAVkTgmcc44S~1k0bZW85gPZMyASSpkPUgS166eLwMALPMgbPUgTH2EFzrK~tjxZ~8Vi4NsUZvbSVDAUfOPwBK4GvY0ZJ~iyW2Fya4CXrY8vY6BXS0bjhJ4viAtMlojQuvs0uJSsxWtxIdlU8xQ4M8qGN7TYOXPRzSEu8AQSfJk-1IMmpeOvb5vgYfpVHH4YTrMrl1OSqv2s9ljh8h9EI3BX6PlnByRF~HcW1ZGtQ325qDzGhpq5YcvVC6jUMJQIKXbGTrxcWEnp8XRyO7WxrVoU70bV15llt5rQ3EHu3WAgunnTUe36AhtM9yt18AAKoDYrJPTOkaV3A__&Key-Pair-Id=APKAILB45UG3RB4CSOJA
2026-06-14 15:24:52.676641 [NOTICE] [HttpResponse.cc:168] CUID#270 - Redirecting to https://vuurwerkwinkelveghel.nl/product/albert-fireworks-pretty-in-pink-2/
2026-06-14 15:24:52.719175 [NOTICE] [RequestGroup.cc:1214] Download complete: /tmp/tmp.ZoxnOvCsed/BLOCK/quantumultx_advertising
2026-06-14 15:24:52.750842 [NOTICE] [RequestGroup.cc:1214] Download complete: /tmp/tmp.ZoxnOvCsed/BLOCK/makopi
2026-06-14 15:24:52.759243 [NOTICE] [RequestGroup.cc:1214] Download complete: /tmp/tmp.ZoxnOvCsed/BLOCK/privacy_badger
2026-06-14 15:24:52.779314 [ERROR] [AbstractCommand.cc:349] CUID#349 - Download aborted. URI=https://rescure.me/covid.txt
Exception: [AbstractCommand.cc:351] errorCode=19 URI=https://rescure.me/covid.txt
  -> [AbstractCommand.cc:789] errorCode=19 CUID#349 - Name resolution for rescure.me failed:Domain name not found
2026-06-14 15:24:52.779362 [ERROR] [AbstractCommand.cc:349] CUID#350 - Download aborted. URI=https://rescure.me/rescure_domain_blacklist.txt
Exception: [AbstractCommand.cc:351] errorCode=19 URI=https://rescure.me/rescure_domain_blacklist.txt
  -> [AbstractCommand.cc:789] errorCode=19 CUID#350 - Name resolution for rescure.me failed:Domain name not found
2026-06-14 15:24:52.779381 [NOTICE] [RequestGroupMan.cc:424] Download GID#66d594586a23f8ea not complete: /tmp/tmp.ZoxnOvCsed/BLOCK/rescure_covid
2026-06-14 15:24:52.779395 [NOTICE] [RequestGroupMan.cc:424] Download GID#720ef2926b2bfb0c not complete: /tmp/tmp.ZoxnOvCsed/BLOCK/rescure_malicious_domains
2026-06-14 15:24:52.799240 [ERROR] [AbstractCommand.cc:349] CUID#351 - Download aborted. URI=https://rescure.me/rescure_blacklist.txt
Exception: [AbstractCommand.cc:351] errorCode=19 URI=https://rescure.me/rescure_blacklist.txt
  -> [AbstractCommand.cc:789] errorCode=19 CUID#351 - Name resolution for rescure.me failed:Domain name not found
2026-06-14 15:24:52.799283 [NOTICE] [RequestGroupMan.cc:424] Download GID#a5c64242019bfab4 not complete: /tmp/tmp.ZoxnOvCsed/BLOCK/rescure_malicious_ips
2026-06-14 15:24:52.860725 [NOTICE] [RequestGroup.cc:1214] Download complete: /tmp/tmp.ZoxnOvCsed/BLOCK/quantum_part_2
2026-06-14 15:24:52.900976 [NOTICE] [RequestGroup.cc:1214] Download complete: /tmp/tmp.ZoxnOvCsed/BLOCK/phishtank
2026-06-14 15:24:52.905717 [NOTICE] [HttpResponse.cc:168] CUID#270 - Redirecting to https://estadoderesultado.win/estados-financieros/
2026-06-14 15:24:52.976876 [NOTICE] [RequestGroup.cc:1214] Download complete: /tmp/tmp.ZoxnOvCsed/BLOCK/honeynet_asia_url
2026-06-14 15:24:52.979789 [NOTICE] [RequestGroup.cc:1214] Download complete: /tmp/tmp.ZoxnOvCsed/BLOCK/rooneymcnibnug_snafu
2026-06-14 15:24:53.009007 [NOTICE] [RequestGroup.cc:1214] Download complete: /tmp/tmp.ZoxnOvCsed/BLOCK/rpilist_ms_office
2026-06-14 15:24:53.009782 [NOTICE] [RequestGroup.cc:1214] Download complete: /tmp/tmp.ZoxnOvCsed/BLOCK/rpilist_fake_science
2026-06-14 15:24:53.023393 [NOTICE] [RequestGroup.cc:1214] Download complete: /tmp/tmp.ZoxnOvCsed/BLOCK/pop3gropers
2026-06-14 15:24:53.042189 [NOTICE] [RequestGroup.cc:1214] Download complete: /tmp/tmp.ZoxnOvCsed/BLOCK/rpilist_ms_telemetry
2026-06-14 15:24:53.129029 [NOTICE] [RequestGroup.cc:1214] Download complete: /tmp/tmp.ZoxnOvCsed/BLOCK/quantum_part_1
2026-06-14 15:24:53.136020 [NOTICE] [HttpResponse.cc:168] CUID#270 - Redirecting to https://www.topfranceturf.net/
2026-06-14 15:24:53.188327 [NOTICE] [RequestGroup.cc:1214] Download complete: /tmp/tmp.ZoxnOvCsed/BLOCK/rpilist_notserious
2026-06-14 15:24:53.228135 [NOTICE] [RequestGroup.cc:1214] Download complete: /tmp/tmp.ZoxnOvCsed/BLOCK/rpilist_phishing
2026-06-14 15:24:53.256419 [NOTICE] [RequestGroup.cc:1214] Download complete: /tmp/tmp.ZoxnOvCsed/BLOCK/phishing_db_all_domains
2026-06-14 15:24:53.268465 [ERROR] [AbstractCommand.cc:401] CUID#365 - Download aborted. URI=https://raw.githubusercontent.com/no-cmyk/Search-Engine-Spam-Blocklist/master/blocklist.txt
Exception: [AbstractCommand.cc:403] errorCode=4 URI=https://raw.githubusercontent.com/no-cmyk/Search-Engine-Spam-Blocklist/master/blocklist.txt
  -> [RequestGroup.cc:1266] errorCode=4 Reached max-file-not-found count=1
2026-06-14 15:24:53.268557 [NOTICE] [RequestGroupMan.cc:424] Download GID#dd9e68074fde47be not complete: /tmp/tmp.ZoxnOvCsed/BLOCK/search_engine_spam
2026-06-14 15:24:53.272243 [NOTICE] [RequestGroup.cc:1214] Download complete: /tmp/tmp.ZoxnOvCsed/BLOCK/scafroglia93
2026-06-14 15:24:53.321526 [NOTICE] [RequestGroup.cc:1214] Download complete: /tmp/tmp.ZoxnOvCsed/BLOCK/shady_hosts
2026-06-14 15:24:53.340739 [NOTICE] [RequestGroup.cc:1214] Download complete: /tmp/tmp.ZoxnOvCsed/BLOCK/rpilist_corona
2026-06-14 15:24:53.364417 [NOTICE] [RequestGroup.cc:1214] Download complete: /tmp/tmp.ZoxnOvCsed/BLOCK/sinfonietta_gambling
2026-06-14 15:24:53.406619 [NOTICE] [RequestGroup.cc:1214] Download complete: /tmp/tmp.ZoxnOvCsed/BLOCK/sinfonietta_porn
2026-06-14 15:24:53.418023 [NOTICE] [HttpResponse.cc:168] CUID#270 - Redirecting to https://authenticsolutionsinc.com/
2026-06-14 15:24:53.450761 [NOTICE] [RequestGroup.cc:1214] Download complete: /tmp/tmp.ZoxnOvCsed/BLOCK/sinfonietta_snuff
2026-06-14 15:24:53.463257 [NOTICE] [RequestGroup.cc:1214] Download complete: /tmp/tmp.ZoxnOvCsed/BLOCK/qme
2026-06-14 15:24:53.499383 [NOTICE] [RequestGroup.cc:1214] Download complete: /tmp/tmp.ZoxnOvCsed/BLOCK/rolist2
2026-06-14 15:24:53.501880 [NOTICE] [RequestGroup.cc:1214] Download complete: /tmp/tmp.ZoxnOvCsed/BLOCK/red_flag_domains
2026-06-14 15:24:53.513574 [NOTICE] [RequestGroup.cc:1214] Download complete: /tmp/tmp.ZoxnOvCsed/BLOCK/snota418
2026-06-14 15:24:53.544293 [NOTICE] [RequestGroup.cc:1214] Download complete: /tmp/tmp.ZoxnOvCsed/BLOCK/soteria_nou_enrichments
2026-06-14 15:24:53.552149 [NOTICE] [RequestGroup.cc:1214] Download complete: /tmp/tmp.ZoxnOvCsed/BLOCK/soteria_nou_analytics
2026-06-14 15:24:53.563949 [NOTICE] [HttpResponse.cc:168] CUID#372 - Redirecting to https://www.snort.org/downloads/ip-block-list/terms
2026-06-14 15:24:53.576779 [NOTICE] [RequestGroup.cc:1214] Download complete: /tmp/tmp.ZoxnOvCsed/BLOCK/soteria_nou_ads
2026-06-14 15:24:53.577545 [NOTICE] [RequestGroup.cc:1214] Download complete: /tmp/tmp.ZoxnOvCsed/BLOCK/soteria_nou_fake
2026-06-14 15:24:53.583427 [NOTICE] [RequestGroup.cc:1214] Download complete: /tmp/tmp.ZoxnOvCsed/BLOCK/spam404
2026-06-14 15:24:53.589135 [NOTICE] [RequestGroup.cc:1214] Download complete: /tmp/tmp.ZoxnOvCsed/BLOCK/soteria_nou_widgets
2026-06-14 15:24:53.606729 [NOTICE] [RequestGroup.cc:1214] Download complete: /tmp/tmp.ZoxnOvCsed/BLOCK/spamhouse_drop_v6
2026-06-14 15:24:53.610465 [NOTICE] [RequestGroup.cc:1214] Download complete: /tmp/tmp.ZoxnOvCsed/BLOCK/stalkerware_indicators
2026-06-14 15:24:53.613024 [NOTICE] [RequestGroup.cc:1214] Download complete: /tmp/tmp.ZoxnOvCsed/BLOCK/snort_blocklist
2026-06-14 15:24:53.614073 [NOTICE] [RequestGroup.cc:1214] Download complete: /tmp/tmp.ZoxnOvCsed/BLOCK/spamhouse_edrop
2026-06-14 15:24:53.625162 [NOTICE] [RequestGroup.cc:1214] Download complete: /tmp/tmp.ZoxnOvCsed/BLOCK/spamhouse_drop
2026-06-14 15:24:53.632881 [NOTICE] [HttpResponse.cc:168] CUID#270 - Redirecting to https://suzukimobilpusat.com/
2026-06-14 15:24:53.655777 [NOTICE] [RequestGroup.cc:1214] Download complete: /tmp/tmp.ZoxnOvCsed/BLOCK/stonecrusher_fake_shops
2026-06-14 15:24:53.658449 [NOTICE] [RequestGroup.cc:1214] Download complete: /tmp/tmp.ZoxnOvCsed/BLOCK/stonecrusher_problematic_shops
2026-06-14 15:24:53.662087 [NOTICE] [RequestGroup.cc:1214] Download complete: /tmp/tmp.ZoxnOvCsed/BLOCK/stevenblack
2026-06-14 15:24:53.668660 [NOTICE] [RequestGroup.cc:1214] Download complete: /tmp/tmp.ZoxnOvCsed/BLOCK/rolist
2026-06-14 15:24:53.691333 [NOTICE] [RequestGroup.cc:1214] Download complete: /tmp/tmp.ZoxnOvCsed/BLOCK/stonecrusher_pseudoscience
2026-06-14 15:24:53.704906 [NOTICE] [RequestGroup.cc:1214] Download complete: /tmp/tmp.ZoxnOvCsed/BLOCK/stonecrusher_streaming
2026-06-14 15:24:53.716978 [NOTICE] [RequestGroup.cc:1214] Download complete: /tmp/tmp.ZoxnOvCsed/BLOCK/stopforumspam_ips
2026-06-14 15:24:53.727412 [NOTICE] [RequestGroup.cc:1214] Download complete: /tmp/tmp.ZoxnOvCsed/BLOCK/stopforumspam_domains
2026-06-14 15:24:53.747549 [NOTICE] [RequestGroup.cc:1214] Download complete: /tmp/tmp.ZoxnOvCsed/BLOCK/sblam
2026-06-14 15:24:53.755142 [NOTICE] [RequestGroup.cc:1214] Download complete: /tmp/tmp.ZoxnOvCsed/BLOCK/stonecrusher_watchlist
2026-06-14 15:24:53.761007 [NOTICE] [RequestGroup.cc:1214] Download complete: /tmp/tmp.ZoxnOvCsed/BLOCK/t145_domain_blacklist
2026-06-14 15:24:53.767895 [NOTICE] [RequestGroup.cc:1214] Download complete: /tmp/tmp.ZoxnOvCsed/BLOCK/th3m3_malware
2026-06-14 15:24:53.777746 [NOTICE] [RequestGroup.cc:1214] Download complete: /tmp/tmp.ZoxnOvCsed/BLOCK/thailand_telecommunications_sector_honeypot
2026-06-14 15:24:53.798410 [NOTICE] [RequestGroup.cc:1214] Download complete: /tmp/tmp.ZoxnOvCsed/BLOCK/thailand_telecommunications_sector_rats
2026-06-14 15:24:53.826379 [NOTICE] [RequestGroup.cc:1214] Download complete: /tmp/tmp.ZoxnOvCsed/BLOCK/thailand_telecommunications_sector_urls
2026-06-14 15:24:53.836522 [NOTICE] [RequestGroup.cc:1214] Download complete: /tmp/tmp.ZoxnOvCsed/BLOCK/thiojoe
2026-06-14 15:24:53.844216 [NOTICE] [RequestGroup.cc:1214] Download complete: /tmp/tmp.ZoxnOvCsed/BLOCK/thedumbterminal
2026-06-14 15:24:53.855975 [NOTICE] [RequestGroup.cc:1214] Download complete: /tmp/tmp.ZoxnOvCsed/BLOCK/stamparm
2026-06-14 15:24:53.857094 [NOTICE] [HttpResponse.cc:168] CUID#270 - Redirecting to https://fenglanzhihe.com/
2026-06-14 15:24:53.869839 [NOTICE] [RequestGroup.cc:1214] Download complete: /tmp/tmp.ZoxnOvCsed/BLOCK/thailand_telecommunications_sector_recommended
2026-06-14 15:24:53.991511 [NOTICE] [RequestGroup.cc:1214] Download complete: /tmp/tmp.ZoxnOvCsed/BLOCK/honeynet_asia_bruteforce_telnet
2026-06-14 15:24:54.027654 [NOTICE] [RequestGroup.cc:1214] Download complete: /tmp/tmp.ZoxnOvCsed/BLOCK/tiuxo_ads
2026-06-14 15:24:54.057918 [NOTICE] [RequestGroup.cc:1214] Download complete: /tmp/tmp.ZoxnOvCsed/BLOCK/tiuxo_porn
2026-06-14 15:24:54.090527 [NOTICE] [RequestGroup.cc:1214] Download complete: /tmp/tmp.ZoxnOvCsed/BLOCK/tiuxo_social
2026-06-14 15:24:54.125096 [NOTICE] [RequestGroup.cc:1214] Download complete: /tmp/tmp.ZoxnOvCsed/BLOCK/tiuxo_whitelist
2026-06-14 15:24:54.136389 [NOTICE] [RequestGroup.cc:1214] Download complete: /tmp/tmp.ZoxnOvCsed/BLOCK/shreshta
2026-06-14 15:24:54.147618 [NOTICE] [HttpResponse.cc:168] CUID#270 - Redirecting to https://www.marymadelineroberts.legal/
2026-06-14 15:24:54.157342 [NOTICE] [RequestGroup.cc:1214] Download complete: /tmp/tmp.ZoxnOvCsed/BLOCK/threatview_ioc_tweets
2026-06-14 15:24:54.159687 [NOTICE] [RequestGroup.cc:1214] Download complete: /tmp/tmp.ZoxnOvCsed/BLOCK/tomzuu_phishing
2026-06-14 15:24:54.181414 [NOTICE] [RequestGroup.cc:1214] Download complete: /tmp/tmp.ZoxnOvCsed/BLOCK/trackerslist_blacklist
2026-06-14 15:24:54.195183 [NOTICE] [RequestGroup.cc:1214] Download complete: /tmp/tmp.ZoxnOvCsed/BLOCK/tomzuu_spam
2026-06-14 15:24:54.198362 [NOTICE] [RequestGroup.cc:1214] Download complete: /tmp/tmp.ZoxnOvCsed/BLOCK/threatview_c2_intel
2026-06-14 15:24:54.222954 [NOTICE] [RequestGroup.cc:1214] Download complete: /tmp/tmp.ZoxnOvCsed/BLOCK/threatview_high_confidence_urls
2026-06-14 15:24:54.238635 [NOTICE] [RequestGroup.cc:1214] Download complete: /tmp/tmp.ZoxnOvCsed/BLOCK/rublacklist_ads
2026-06-14 15:24:54.269365 [NOTICE] [RequestGroup.cc:1214] Download complete: /tmp/tmp.ZoxnOvCsed/BLOCK/unflac
2026-06-14 15:24:54.355341 [NOTICE] [RequestGroup.cc:1214] Download complete: /tmp/tmp.ZoxnOvCsed/BLOCK/threatview_high_confidence_ips
2026-06-14 15:24:54.505887 [NOTICE] [RequestGroup.cc:1214] Download complete: /tmp/tmp.ZoxnOvCsed/BLOCK/shadowwhisperer_all
2026-06-14 15:24:54.528525 [NOTICE] [RequestGroup.cc:1214] Download complete: /tmp/tmp.ZoxnOvCsed/BLOCK/viriback
2026-06-14 15:24:54.598064 [NOTICE] [RequestGroup.cc:1214] Download complete: /tmp/tmp.ZoxnOvCsed/BLOCK/honeynet_asia_bruteforce_ssh
2026-06-14 15:24:54.639287 [NOTICE] [HttpResponse.cc:168] CUID#270 - Redirecting to https://litecoinsummit.org/
2026-06-14 15:24:54.656637 [NOTICE] [RequestGroup.cc:1214] Download complete: /tmp/tmp.ZoxnOvCsed/BLOCK/ut1_stalkerware
2026-06-14 15:24:54.716202 [NOTICE] [RequestGroup.cc:1214] Download complete: /tmp/tmp.ZoxnOvCsed/BLOCK/wally3k
2026-06-14 15:24:54.893268 [NOTICE] [HttpResponse.cc:168] CUID#270 - Redirecting to https://room.twee.nagoya/
2026-06-14 15:24:54.910021 [NOTICE] [RequestGroup.cc:1214] Download complete: /tmp/tmp.ZoxnOvCsed/BLOCK/ut1_cryptojacking
2026-06-14 15:24:54.957369 [NOTICE] [RequestGroup.cc:1214] Download complete: /tmp/tmp.ZoxnOvCsed/BLOCK/threatview_high_confidence_domains
2026-06-14 15:24:55.157033 [NOTICE] [HttpResponse.cc:168] CUID#270 - Redirecting to https://twee.nagoya/
2026-06-14 15:24:55.200811 [NOTICE] [RequestGroup.cc:1214] Download complete: /tmp/tmp.ZoxnOvCsed/BLOCK/turris
2026-06-14 15:24:55.255134 [NOTICE] [RequestGroup.cc:1214] Download complete: /tmp/tmp.ZoxnOvCsed/BLOCK/taz
2026-06-14 15:24:55.267812 [NOTICE] [RequestGroup.cc:1214] Download complete: /tmp/tmp.ZoxnOvCsed/BLOCK/ut1_malware
2026-06-14 15:24:55.271168 [NOTICE] [RequestGroup.cc:1214] Download complete: /tmp/tmp.ZoxnOvCsed/BLOCK/voipbl
2026-06-14 15:24:55.275678 [NOTICE] [RequestGroup.cc:1214] Download complete: /tmp/tmp.ZoxnOvCsed/BLOCK/ut1_phishing
2026-06-14 15:24:55.280106 [NOTICE] [RequestGroup.cc:1214] Download complete: /tmp/tmp.ZoxnOvCsed/BLOCK/windowsspyblocker_spy
2026-06-14 15:24:55.285153 [NOTICE] [RequestGroup.cc:1214] Download complete: /tmp/tmp.ZoxnOvCsed/BLOCK/vxvault
2026-06-14 15:24:55.301107 [NOTICE] [RequestGroup.cc:1214] Download complete: /tmp/tmp.ZoxnOvCsed/BLOCK/windowsspyblocker_extra
2026-06-14 15:24:55.321063 [NOTICE] [RequestGroup.cc:1214] Download complete: /tmp/tmp.ZoxnOvCsed/BLOCK/windowsspyblocker_update
2026-06-14 15:24:55.335816 [NOTICE] [RequestGroup.cc:1214] Download complete: /tmp/tmp.ZoxnOvCsed/BLOCK/vivaldi
2026-06-14 15:24:55.396779 [NOTICE] [RequestGroup.cc:1214] Download complete: /tmp/tmp.ZoxnOvCsed/BLOCK/windscribe_clickbait
2026-06-14 15:24:55.399550 [NOTICE] [RequestGroup.cc:1214] Download complete: /tmp/tmp.ZoxnOvCsed/BLOCK/windscribe_gambling
2026-06-14 15:24:55.401429 [NOTICE] [RequestGroup.cc:1214] Download complete: /tmp/tmp.ZoxnOvCsed/BLOCK/windscribe_ads
2026-06-14 15:24:55.403285 [NOTICE] [RequestGroup.cc:1214] Download complete: /tmp/tmp.ZoxnOvCsed/BLOCK/windscribe_iot
2026-06-14 15:24:55.408561 [NOTICE] [RequestGroup.cc:1214] Download complete: /tmp/tmp.ZoxnOvCsed/BLOCK/wutingfeng_global_anti_scam
2026-06-14 15:24:55.413617 [NOTICE] [RequestGroup.cc:1214] Download complete: /tmp/tmp.ZoxnOvCsed/BLOCK/windscribe_malware
2026-06-14 15:24:55.415681 [NOTICE] [RequestGroup.cc:1214] Download complete: /tmp/tmp.ZoxnOvCsed/BLOCK/windscribe_porn
2026-06-14 15:24:55.443767 [NOTICE] [RequestGroup.cc:1214] Download complete: /tmp/tmp.ZoxnOvCsed/BLOCK/xiaobeita
2026-06-14 15:24:55.451256 [NOTICE] [RequestGroup.cc:1214] Download complete: /tmp/tmp.ZoxnOvCsed/BLOCK/youslist
2026-06-14 15:24:55.454099 [NOTICE] [RequestGroup.cc:1214] Download complete: /tmp/tmp.ZoxnOvCsed/BLOCK/xos_advertising
2026-06-14 15:24:55.499433 [NOTICE] [HttpResponse.cc:168] CUID#270 - Redirecting to https://kadinprovjakarta.id/tentang-kadin/
2026-06-14 15:24:55.605035 [NOTICE] [RequestGroup.cc:1214] Download complete: /tmp/tmp.ZoxnOvCsed/BLOCK/willie_google_amp
2026-06-14 15:24:55.753461 [NOTICE] [RequestGroup.cc:1214] Download complete: /tmp/tmp.ZoxnOvCsed/BLOCK/willie_tv
2026-06-14 15:24:55.787191 [NOTICE] [HttpResponse.cc:168] CUID#270 - Redirecting to https://edmmicromachining.com/
2026-06-14 15:24:55.799338 [NOTICE] [RequestGroup.cc:1214] Download complete: /tmp/tmp.ZoxnOvCsed/BLOCK/winhelp
2026-06-14 15:24:55.828537 [NOTICE] [RequestGroup.cc:1214] Download complete: /tmp/tmp.ZoxnOvCsed/BLOCK/willie_tiktok
2026-06-14 15:24:55.853214 [NOTICE] [RequestGroup.cc:1214] Download complete: /tmp/tmp.ZoxnOvCsed/BLOCK/zitstif_firewall
2026-06-14 15:24:56.045519 [NOTICE] [RequestGroup.cc:1214] Download complete: /tmp/tmp.ZoxnOvCsed/BLOCK/yoyo_domains
2026-06-14 15:24:56.154272 [NOTICE] [HttpResponse.cc:168] CUID#270 - Redirecting to https://www.poonsap-thaimassage.de/about/
2026-06-14 15:24:56.230889 [NOTICE] [RequestGroup.cc:1214] Download complete: /tmp/tmp.ZoxnOvCsed/BLOCK/willie_ads
2026-06-14 15:24:56.232278 [NOTICE] [HttpResponse.cc:168] CUID#270 - Redirecting to https://bellydancingforfortuneandfame.com/article/3-uk-stocks-to-buy-as-ftse-100-drops-aviva-marks-spencer-volex
2026-06-14 15:24:56.233717 [NOTICE] [RequestGroup.cc:1214] Download complete: /tmp/tmp.ZoxnOvCsed/BLOCK/willie_tracking
2026-06-14 15:24:56.264915 [NOTICE] [RequestGroup.cc:1214] Download complete: /tmp/tmp.ZoxnOvCsed/BLOCK/yoyo_ips
2026-06-14 15:24:56.273162 [NOTICE] [RequestGroup.cc:1214] Download complete: /tmp/tmp.ZoxnOvCsed/BLOCK/willie_suspicious
2026-06-14 15:24:56.299208 [NOTICE] [HttpResponse.cc:168] CUID#270 - Redirecting to https://vuurwerkwinkelveghel.nl/product/albert-fireworks-pretty-in-pink-2/
2026-06-14 15:24:56.366361 [NOTICE] [HttpResponse.cc:168] CUID#270 - Redirecting to https://estadoderesultado.win/estados-financieros/
2026-06-14 15:24:56.396232 [NOTICE] [RequestGroup.cc:1214] Download complete: /tmp/tmp.ZoxnOvCsed/BLOCK/wutingfeng_google_safe_browsing
2026-06-14 15:24:56.436667 [NOTICE] [HttpResponse.cc:168] CUID#270 - Redirecting to https://www.topfranceturf.net/
2026-06-14 15:24:56.522068 [NOTICE] [HttpResponse.cc:168] CUID#270 - Redirecting to https://authenticsolutionsinc.com/
2026-06-14 15:24:56.590137 [NOTICE] [HttpResponse.cc:168] CUID#270 - Redirecting to https://suzukimobilpusat.com/
2026-06-14 15:24:56.658172 [NOTICE] [HttpResponse.cc:168] CUID#270 - Redirecting to https://fenglanzhihe.com/
2026-06-14 15:24:56.722011 [NOTICE] [HttpResponse.cc:168] CUID#270 - Redirecting to https://www.marymadelineroberts.legal/
2026-06-14 15:24:56.796365 [NOTICE] [HttpResponse.cc:168] CUID#270 - Redirecting to https://litecoinsummit.org/
2026-06-14 15:24:56.871228 [NOTICE] [HttpResponse.cc:168] CUID#270 - Redirecting to https://room.twee.nagoya/
2026-06-14 15:24:56.930106 [NOTICE] [HttpResponse.cc:168] CUID#270 - Redirecting to https://twee.nagoya/
2026-06-14 15:24:57.019214 [NOTICE] [HttpResponse.cc:168] CUID#270 - Redirecting to https://kadinprovjakarta.id/tentang-kadin/
2026-06-14 15:24:57.084201 [NOTICE] [HttpResponse.cc:168] CUID#270 - Redirecting to https://edmmicromachining.com/
2026-06-14 15:24:57.223063 [NOTICE] [HttpResponse.cc:168] CUID#270 - Redirecting to https://www.poonsap-thaimassage.de/about/
2026-06-14 15:24:57.275429 [NOTICE] [RequestGroup.cc:1214] Download complete: /tmp/tmp.ZoxnOvCsed/BLOCK/university_of_science_and_technology_of_china
2026-06-14 15:24:57.349551 [NOTICE] [RequestGroup.cc:1214] Download complete: /tmp/tmp.ZoxnOvCsed/BLOCK/isc_ciarmy
2026-06-14 15:24:57.440339 [NOTICE] [HttpResponse.cc:168] CUID#270 - Redirecting to https://bellydancingforfortuneandfame.com/article/3-uk-stocks-to-buy-as-ftse-100-drops-aviva-marks-spencer-volex
2026-06-14 15:24:57.507950 [NOTICE] [HttpResponse.cc:168] CUID#270 - Redirecting to https://vuurwerkwinkelveghel.nl/product/albert-fireworks-pretty-in-pink-2/
2026-06-14 15:24:57.569378 [NOTICE] [HttpResponse.cc:168] CUID#270 - Redirecting to https://estadoderesultado.win/estados-financieros/
2026-06-14 15:24:57.645341 [NOTICE] [HttpResponse.cc:168] CUID#270 - Redirecting to https://www.topfranceturf.net/
2026-06-14 15:24:57.740756 [NOTICE] [HttpResponse.cc:168] CUID#270 - Redirecting to https://authenticsolutionsinc.com/
2026-06-14 15:24:57.817247 [NOTICE] [HttpResponse.cc:168] CUID#270 - Redirecting to https://suzukimobilpusat.com/
2026-06-14 15:24:57.883937 [NOTICE] [HttpResponse.cc:168] CUID#270 - Redirecting to https://fenglanzhihe.com/
2026-06-14 15:24:57.950464 [NOTICE] [HttpResponse.cc:168] CUID#270 - Redirecting to https://www.marymadelineroberts.legal/
2026-06-14 15:24:58.027678 [NOTICE] [HttpResponse.cc:168] CUID#270 - Redirecting to https://litecoinsummit.org/
2026-06-14 15:24:58.106124 [NOTICE] [HttpResponse.cc:168] CUID#270 - Redirecting to https://room.twee.nagoya/
2026-06-14 15:24:58.168466 [NOTICE] [HttpResponse.cc:168] CUID#270 - Redirecting to https://twee.nagoya/
2026-06-14 15:24:58.256263 [NOTICE] [HttpResponse.cc:168] CUID#270 - Redirecting to https://kadinprovjakarta.id/tentang-kadin/
2026-06-14 15:24:58.319916 [NOTICE] [HttpResponse.cc:168] CUID#270 - Redirecting to https://edmmicromachining.com/
2026-06-14 15:24:58.453982 [NOTICE] [HttpResponse.cc:168] CUID#270 - Redirecting to https://www.poonsap-thaimassage.de/about/
2026-06-14 15:24:58.533810 [NOTICE] [HttpResponse.cc:168] CUID#270 - Redirecting to https://bellydancingforfortuneandfame.com/article/3-uk-stocks-to-buy-as-ftse-100-drops-aviva-marks-spencer-volex
2026-06-14 15:24:58.599475 [NOTICE] [HttpResponse.cc:168] CUID#270 - Redirecting to https://vuurwerkwinkelveghel.nl/product/albert-fireworks-pretty-in-pink-2/
2026-06-14 15:24:58.665073 [NOTICE] [HttpResponse.cc:168] CUID#270 - Redirecting to https://estadoderesultado.win/estados-financieros/
2026-06-14 15:24:58.733961 [NOTICE] [HttpResponse.cc:168] CUID#270 - Redirecting to https://www.topfranceturf.net/
2026-06-14 15:24:58.822526 [NOTICE] [HttpResponse.cc:168] CUID#270 - Redirecting to https://authenticsolutionsinc.com/
2026-06-14 15:24:58.886797 [NOTICE] [HttpResponse.cc:168] CUID#270 - Redirecting to https://suzukimobilpusat.com/
2026-06-14 15:24:58.993572 [NOTICE] [HttpResponse.cc:168] CUID#270 - Redirecting to https://fenglanzhihe.com/
2026-06-14 15:24:59.064227 [NOTICE] [HttpResponse.cc:168] CUID#270 - Redirecting to https://www.marymadelineroberts.legal/
2026-06-14 15:24:59.140718 [NOTICE] [HttpResponse.cc:168] CUID#270 - Redirecting to https://litecoinsummit.org/
2026-06-14 15:24:59.222157 [NOTICE] [HttpResponse.cc:168] CUID#270 - Redirecting to https://room.twee.nagoya/
2026-06-14 15:24:59.281991 [NOTICE] [HttpResponse.cc:168] CUID#270 - Redirecting to https://twee.nagoya/
2026-06-14 15:24:59.364046 [NOTICE] [HttpResponse.cc:168] CUID#270 - Redirecting to https://kadinprovjakarta.id/tentang-kadin/
2026-06-14 15:24:59.429935 [NOTICE] [HttpResponse.cc:168] CUID#270 - Redirecting to https://edmmicromachining.com/
2026-06-14 15:24:59.563911 [NOTICE] [HttpResponse.cc:168] CUID#270 - Redirecting to https://www.poonsap-thaimassage.de/about/
2026-06-14 15:24:59.650123 [NOTICE] [HttpResponse.cc:168] CUID#270 - Redirecting to https://bellydancingforfortuneandfame.com/article/3-uk-stocks-to-buy-as-ftse-100-drops-aviva-marks-spencer-volex
2026-06-14 15:24:59.692950 [NOTICE] [RequestGroup.cc:1214] Download complete: /tmp/tmp.ZoxnOvCsed/BLOCK/pengelana
2026-06-14 15:24:59.718684 [NOTICE] [HttpResponse.cc:168] CUID#270 - Redirecting to https://vuurwerkwinkelveghel.nl/product/albert-fireworks-pretty-in-pink-2/
2026-06-14 15:24:59.785817 [NOTICE] [HttpResponse.cc:168] CUID#270 - Redirecting to https://estadoderesultado.win/estados-financieros/
2026-06-14 15:24:59.867239 [NOTICE] [HttpResponse.cc:168] CUID#270 - Redirecting to https://www.topfranceturf.net/
2026-06-14 15:24:59.971551 [NOTICE] [HttpResponse.cc:168] CUID#270 - Redirecting to https://authenticsolutionsinc.com/
2026-06-14 15:25:00.060877 [NOTICE] [HttpResponse.cc:168] CUID#270 - Redirecting to https://suzukimobilpusat.com/
2026-06-14 15:25:00.134151 [NOTICE] [HttpResponse.cc:168] CUID#270 - Redirecting to https://fenglanzhihe.com/
2026-06-14 15:25:00.197120 [NOTICE] [HttpResponse.cc:168] CUID#270 - Redirecting to https://www.marymadelineroberts.legal/
2026-06-14 15:25:00.273189 [NOTICE] [HttpResponse.cc:168] CUID#270 - Redirecting to https://litecoinsummit.org/
2026-06-14 15:25:00.355312 [NOTICE] [HttpResponse.cc:168] CUID#270 - Redirecting to https://room.twee.nagoya/
2026-06-14 15:25:00.422718 [NOTICE] [HttpResponse.cc:168] CUID#270 - Redirecting to https://twee.nagoya/
2026-06-14 15:25:00.506941 [NOTICE] [HttpResponse.cc:168] CUID#270 - Redirecting to https://kadinprovjakarta.id/tentang-kadin/
2026-06-14 15:25:00.569501 [NOTICE] [HttpResponse.cc:168] CUID#270 - Redirecting to https://edmmicromachining.com/
2026-06-14 15:25:00.624070 [ERROR] [AbstractCommand.cc:377] CUID#270 - Download aborted. URI=https://mirai.security.gives/data/ip_list.txt
Exception: [AbstractCommand.cc:856] errorCode=1 Failed to establish connection, cause: Connection refused
2026-06-14 15:25:00.624135 [NOTICE] [RequestGroupMan.cc:424] Download GID#50fe3684e36e8b06 not complete: /tmp/tmp.ZoxnOvCsed/BLOCK/mirai_tracker
2026-06-14 15:25:02.983771 [NOTICE] [RequestGroup.cc:1214] Download complete: /tmp/tmp.ZoxnOvCsed/BLOCK/zitstif_waf
2026-06-14 15:25:11.448396 [NOTICE] [RequestGroup.cc:1214] Download complete: /tmp/tmp.ZoxnOvCsed/BLOCK/isc_alphastrike
2026-06-14 15:25:23.567263 [NOTICE] [RequestGroup.cc:1214] Download complete: /tmp/tmp.ZoxnOvCsed/BLOCK/rutgers
2026-06-14 15:25:26.670584 [NOTICE] [RequestGroup.cc:1214] Download complete: /tmp/tmp.ZoxnOvCsed/BLOCK/zitstif_shame
2026-06-14 15:25:27.471545 [NOTICE] [RequestGroup.cc:1214] Download complete: /tmp/tmp.ZoxnOvCsed/BLOCK/zitstif_scamalytics
2026-06-14 15:25:51.606351 [ERROR] [AbstractCommand.cc:377] CUID#82 - Download aborted. URI=https://api.cybercure.ai/feed/get_url?type=json
Exception: [HttpSkipResponseCommand.cc:228] errorCode=29 The response status is not successful. status=503
2026-06-14 15:25:51.606402 [NOTICE] [RequestGroupMan.cc:424] Download GID#43d35bbd6bd9cc43 not complete: /tmp/tmp.ZoxnOvCsed/BLOCK/cyber_cure_urls
2026-06-14 15:25:51.610041 [ERROR] [AbstractCommand.cc:377] CUID#81 - Download aborted. URI=https://api.cybercure.ai/feed/get_ips?type=json
Exception: [HttpSkipResponseCommand.cc:228] errorCode=29 The response status is not successful. status=503
2026-06-14 15:25:51.610073 [NOTICE] [RequestGroupMan.cc:424] Download GID#bd39ed73a202dd4b not complete: /tmp/tmp.ZoxnOvCsed/BLOCK/cyber_cure_ips
2026-06-14 15:27:22.710222 [ERROR] [AbstractCommand.cc:377] CUID#292 - Download aborted. URI=https://quidsup.net/notrack/blocklist.php?download=annoyancedomains
Exception: [AbstractCommand.cc:340] errorCode=2 Timeout.
2026-06-14 15:27:22.710319 [ERROR] [AbstractCommand.cc:377] CUID#295 - Download aborted. URI=https://quidsup.net/notrack/blocklist.php?download=trackersdomains
Exception: [AbstractCommand.cc:340] errorCode=2 Timeout.
2026-06-14 15:27:22.919323 [NOTICE] [RequestGroup.cc:1214] Download complete: /tmp/tmp.ZoxnOvCsed/BLOCK/notrack_annoyance
2026-06-14 15:27:22.920888 [NOTICE] [RequestGroup.cc:1214] Download complete: /tmp/tmp.ZoxnOvCsed/BLOCK/notrack_trackers
2026-06-14 15:27:22.921386 [NOTICE] [ServerStatMan.cc:110] ServerStat file logs/server-stats.txt saved successfully.
2026-06-14 15:35:03.657105 [NOTICE] [Context.cc:310] Downloading 39 item(s)
2026-06-14 15:35:03.666628 [NOTICE] [ServerStatMan.cc:230] ServerStat file logs/server-stats.txt loaded successfully.
2026-06-14 15:35:03.682150 [NOTICE] [RequestGroup.cc:1214] Download complete: /tmp/tmp.ZoxnOvCsed/ALLOW/ACL4SSR_whitelist
2026-06-14 15:35:03.699881 [NOTICE] [RequestGroup.cc:1214] Download complete: /tmp/tmp.ZoxnOvCsed/ALLOW/nextdns_linux_bypass
2026-06-14 15:35:03.700129 [NOTICE] [RequestGroup.cc:1214] Download complete: /tmp/tmp.ZoxnOvCsed/ALLOW/nextdns_tor_bypass
2026-06-14 15:35:03.711666 [NOTICE] [RequestGroup.cc:1214] Download complete: /tmp/tmp.ZoxnOvCsed/ALLOW/hipo_universities
2026-06-14 15:35:03.712379 [NOTICE] [RequestGroup.cc:1214] Download complete: /tmp/tmp.ZoxnOvCsed/ALLOW/1hosts_staged_exclusions
2026-06-14 15:35:03.712742 [NOTICE] [RequestGroup.cc:1214] Download complete: /tmp/tmp.ZoxnOvCsed/ALLOW/anudeep_whitelist
2026-06-14 15:35:03.719793 [NOTICE] [RequestGroup.cc:1214] Download complete: /tmp/tmp.ZoxnOvCsed/ALLOW/additional_hosts_duckduckgo
2026-06-14 15:35:03.725303 [NOTICE] [RequestGroup.cc:1214] Download complete: /tmp/tmp.ZoxnOvCsed/ALLOW/1hosts_official_exclusions
2026-06-14 15:35:03.729363 [NOTICE] [RequestGroup.cc:1214] Download complete: /tmp/tmp.ZoxnOvCsed/ALLOW/notracking_whitelist
2026-06-14 15:35:03.733704 [NOTICE] [RequestGroup.cc:1214] Download complete: /tmp/tmp.ZoxnOvCsed/ALLOW/nextdns_vpn_bypass
2026-06-14 15:35:03.734370 [NOTICE] [RequestGroup.cc:1214] Download complete: /tmp/tmp.ZoxnOvCsed/ALLOW/cryptoscamdb_whitelist
2026-06-14 15:35:03.737777 [NOTICE] [RequestGroup.cc:1214] Download complete: /tmp/tmp.ZoxnOvCsed/ALLOW/c2_intel_vpns
2026-06-14 15:35:03.738730 [NOTICE] [RequestGroup.cc:1214] Download complete: /tmp/tmp.ZoxnOvCsed/ALLOW/phishing_db_falsepositives
2026-06-14 15:35:03.750633 [NOTICE] [RequestGroup.cc:1214] Download complete: /tmp/tmp.ZoxnOvCsed/ALLOW/shadowwhisperer_whitelist
2026-06-14 15:35:03.758906 [NOTICE] [RequestGroup.cc:1214] Download complete: /tmp/tmp.ZoxnOvCsed/ALLOW/shadowwhisperer_cryptocurrency
2026-06-14 15:35:03.760820 [NOTICE] [RequestGroup.cc:1214] Download complete: /tmp/tmp.ZoxnOvCsed/ALLOW/sefinek_whitelist
2026-06-14 15:35:03.768456 [NOTICE] [RequestGroup.cc:1214] Download complete: /tmp/tmp.ZoxnOvCsed/ALLOW/github_meta
2026-06-14 15:35:03.769101 [NOTICE] [RequestGroup.cc:1214] Download complete: /tmp/tmp.ZoxnOvCsed/ALLOW/trackerslist_best_domains
2026-06-14 15:35:03.769414 [NOTICE] [RequestGroup.cc:1214] Download complete: /tmp/tmp.ZoxnOvCsed/ALLOW/trackerslist_best_ips
2026-06-14 15:35:03.784351 [NOTICE] [RequestGroup.cc:1214] Download complete: /tmp/tmp.ZoxnOvCsed/ALLOW/quindecim_allowlist
2026-06-14 15:35:03.786360 [NOTICE] [RequestGroup.cc:1214] Download complete: /tmp/tmp.ZoxnOvCsed/ALLOW/t145_cidr_whitelist
2026-06-14 15:35:03.789294 [NOTICE] [RequestGroup.cc:1214] Download complete: /tmp/tmp.ZoxnOvCsed/ALLOW/cymru_ipv4_bogons
2026-06-14 15:35:03.792774 [NOTICE] [RequestGroup.cc:1214] Download complete: /tmp/tmp.ZoxnOvCsed/ALLOW/t145_domain_whitelist
2026-06-14 15:35:03.794555 [NOTICE] [RequestGroup.cc:1214] Download complete: /tmp/tmp.ZoxnOvCsed/ALLOW/xiu2_best_trackers
2026-06-14 15:35:03.795755 [NOTICE] [RequestGroup.cc:1214] Download complete: /tmp/tmp.ZoxnOvCsed/ALLOW/xiu2_blacklist
2026-06-14 15:35:03.810430 [NOTICE] [RequestGroup.cc:1214] Download complete: /tmp/tmp.ZoxnOvCsed/ALLOW/additional_hosts_github
2026-06-14 15:35:03.846611 [NOTICE] [RequestGroup.cc:1214] Download complete: /tmp/tmp.ZoxnOvCsed/ALLOW/newtrackon
2026-06-14 15:35:03.905320 [NOTICE] [RequestGroup.cc:1214] Download complete: /tmp/tmp.ZoxnOvCsed/ALLOW/cymru_ipv6_bogons
2026-06-14 15:35:03.974917 [NOTICE] [RequestGroup.cc:1214] Download complete: /tmp/tmp.ZoxnOvCsed/ALLOW/notracking_dead
2026-06-14 15:35:04.040815 [NOTICE] [RequestGroup.cc:1214] Download complete: /tmp/tmp.ZoxnOvCsed/ALLOW/torbulkexitlist
2026-06-14 15:35:04.119324 [NOTICE] [RequestGroup.cc:1214] Download complete: /tmp/tmp.ZoxnOvCsed/ALLOW/ut1_sex_ed
2026-06-14 15:35:04.194917 [NOTICE] [RequestGroup.cc:1214] Download complete: /tmp/tmp.ZoxnOvCsed/ALLOW/zapret_nxdomain
2026-06-14 15:35:04.204460 [NOTICE] [RequestGroup.cc:1214] Download complete: /tmp/tmp.ZoxnOvCsed/ALLOW/ut1_liste_bu
2026-06-14 15:35:04.324320 [NOTICE] [RequestGroup.cc:1214] Download complete: /tmp/tmp.ZoxnOvCsed/ALLOW/metalhead
2026-06-14 15:35:04.367481 [NOTICE] [RequestGroup.cc:1214] Download complete: /tmp/tmp.ZoxnOvCsed/ALLOW/securedrop
2026-06-14 15:35:04.402159 [NOTICE] [RequestGroup.cc:1214] Download complete: /tmp/tmp.ZoxnOvCsed/ALLOW/dan_me_uk
2026-06-14 15:35:04.516581 [NOTICE] [RequestGroup.cc:1214] Download complete: /tmp/tmp.ZoxnOvCsed/ALLOW/cidr_report
2026-06-14 15:35:04.947070 [NOTICE] [RequestGroup.cc:1214] Download complete: /tmp/tmp.ZoxnOvCsed/ALLOW/public_dns
2026-06-14 15:35:05.074756 [NOTICE] [RequestGroup.cc:1214] Download complete: /tmp/tmp.ZoxnOvCsed/ALLOW/phishing_db_inactive_domains
2026-06-14 15:35:05.075328 [NOTICE] [ServerStatMan.cc:110] ServerStat file logs/server-stats.txt saved successfully.
