[info] Starting @adguard/hostlist-compiler v1.0.39
[info] Starting the compiler
[info] Configuration: {
    "name": "Blocklist",
    "sources": [
        {
            "source": "https://raw.githubusercontent.com/bestpika/abp/master/yui.txt",
            "type": "adblock"
        }
    ],
    "transformations": [
        "RemoveComments",
        "Deduplicate",
        "Compress",
        "Validate",
        "TrimLines",
        "InsertFinalNewLine"
    ]
}
[info] Start compiling https://raw.githubusercontent.com/bestpika/abp/master/yui.txt
[info] Original length is 278
[info] Length after applying transformations is 278
[info] Lines trimmed.
[info] Removed 82 comments
[info] The list was compressed from 199 to 199
[info] Deduplication removed 0 rules
[info] Final newline inserted
[info] Final length of the list is 31
[info] Writing output to /tmp/tmp.9GiPfxMXjq/BLOCK/bestpika_yui
[info] Finished compiling
[info] Starting @adguard/hostlist-compiler v1.0.39
[info] Starting the compiler
[info] Configuration: {
    "name": "Blocklist",
    "sources": [
        {
            "source": "https://raw.githubusercontent.com/cjx82630/cjxlist/master/cjx-annoyance.txt",
            "type": "adblock"
        }
    ],
    "transformations": [
        "RemoveComments",
        "Deduplicate",
        "Compress",
        "Validate",
        "TrimLines",
        "InsertFinalNewLine"
    ]
}
[info] Start compiling https://raw.githubusercontent.com/cjx82630/cjxlist/master/cjx-annoyance.txt
[info] Original length is 1861
[info] Length after applying transformations is 1861
[info] Lines trimmed.
[info] Removed 23 comments
[info] The list was compressed from 1841 to 1841
[info] Deduplication removed 0 rules
[info] Final newline inserted
[info] Final length of the list is 121
[info] Writing output to /tmp/tmp.9GiPfxMXjq/BLOCK/cjxlist
[info] Finished compiling
[info] Starting @adguard/hostlist-compiler v1.0.39
[info] Starting the compiler
[info] Configuration: {
    "name": "Blocklist",
    "sources": [
        {
            "source": "https://raw.githubusercontent.com/uBlockOrigin/uAssets/master/filters/badware.txt",
            "type": "adblock"
        }
    ],
    "transformations": [
        "RemoveComments",
        "Deduplicate",
        "Compress",
        "Validate",
        "TrimLines",
        "InsertFinalNewLine"
    ]
}
[info] Start compiling https://raw.githubusercontent.com/uBlockOrigin/uAssets/master/filters/badware.txt
[info] Original length is 6013
[info] Length after applying transformations is 6013
[info] Lines trimmed.
[info] Removed 1531 comments
[info] The list was compressed from 4485 to 4485
[info] Deduplication removed 0 rules
[info] Final newline inserted
[info] Final length of the list is 59
[info] Writing output to /tmp/tmp.9GiPfxMXjq/BLOCK/uassets_badware
[info] Finished compiling
[info] Starting @adguard/hostlist-compiler v1.0.39
[info] Starting the compiler
[info] Configuration: {
    "name": "Blocklist",
    "sources": [
        {
            "source": "https://raw.githubusercontent.com/uBlockOrigin/uAssets/master/filters/filters-2020.txt",
            "type": "adblock"
        }
    ],
    "transformations": [
        "RemoveComments",
        "Deduplicate",
        "Compress",
        "Validate",
        "TrimLines",
        "InsertFinalNewLine"
    ]
}
[info] Start compiling https://raw.githubusercontent.com/uBlockOrigin/uAssets/master/filters/filters-2020.txt
[info] Original length is 2481
[info] Length after applying transformations is 2481
[info] Lines trimmed.
[info] Removed 816 comments
[info] The list was compressed from 1668 to 1668
[info] Deduplication removed 0 rules
[info] Final newline inserted
[info] Final length of the list is 15
[info] Writing output to /tmp/tmp.9GiPfxMXjq/BLOCK/uassets_filters_2020
[info] Finished compiling
[info] Starting @adguard/hostlist-compiler v1.0.39
[info] Starting the compiler
[info] Configuration: {
    "name": "Blocklist",
    "sources": [
        {
            "source": "https://raw.githubusercontent.com/uBlockOrigin/uAssets/master/filters/filters-2021.txt",
            "type": "adblock"
        }
    ],
    "transformations": [
        "RemoveComments",
        "Deduplicate",
        "Compress",
        "Validate",
        "TrimLines",
        "InsertFinalNewLine"
    ]
}
[info] Start compiling https://raw.githubusercontent.com/uBlockOrigin/uAssets/master/filters/filters-2021.txt
[info] Original length is 3237
[info] Length after applying transformations is 3237
[info] Lines trimmed.
[info] Removed 964 comments
[info] The list was compressed from 2276 to 2276
[info] Deduplication removed 0 rules
[info] Final newline inserted
[info] Final length of the list is 17
[info] Writing output to /tmp/tmp.9GiPfxMXjq/BLOCK/uassets_filters_2021
[info] Finished compiling
[info] Starting @adguard/hostlist-compiler v1.0.39
[info] Starting the compiler
[info] Configuration: {
    "name": "Blocklist",
    "sources": [
        {
            "source": "https://raw.githubusercontent.com/uBlockOrigin/uAssets/master/filters/filters-2022.txt",
            "type": "adblock"
        }
    ],
    "transformations": [
        "RemoveComments",
        "Deduplicate",
        "Compress",
        "Validate",
        "TrimLines",
        "InsertFinalNewLine"
    ]
}
[info] Start compiling https://raw.githubusercontent.com/uBlockOrigin/uAssets/master/filters/filters-2022.txt
[info] Original length is 2955
[info] Length after applying transformations is 2955
[info] Lines trimmed.
[info] Removed 1023 comments
[info] The list was compressed from 1935 to 1935
[info] Deduplication removed 0 rules
[info] Final newline inserted
[info] Final length of the list is 20
[info] Writing output to /tmp/tmp.9GiPfxMXjq/BLOCK/uassets_filters_2022
[info] Finished compiling
[info] Starting @adguard/hostlist-compiler v1.0.39
[info] Starting the compiler
[info] Configuration: {
    "name": "Blocklist",
    "sources": [
        {
            "source": "https://raw.githubusercontent.com/uBlockOrigin/uAssets/master/filters/filters-2023.txt",
            "type": "adblock"
        }
    ],
    "transformations": [
        "RemoveComments",
        "Deduplicate",
        "Compress",
        "Validate",
        "TrimLines",
        "InsertFinalNewLine"
    ]
}
[info] Start compiling https://raw.githubusercontent.com/uBlockOrigin/uAssets/master/filters/filters-2023.txt
[info] Original length is 3671
[info] Length after applying transformations is 3671
[info] Lines trimmed.
[info] Removed 1232 comments
[info] The list was compressed from 2442 to 2442
[info] Deduplication removed 0 rules
[info] Final newline inserted
[info] Final length of the list is 21
[info] Writing output to /tmp/tmp.9GiPfxMXjq/BLOCK/uassets_filters_2023
[info] Finished compiling
[info] Starting @adguard/hostlist-compiler v1.0.39
[info] Starting the compiler
[info] Configuration: {
    "name": "Blocklist",
    "sources": [
        {
            "source": "https://raw.githubusercontent.com/uBlockOrigin/uAssets/master/filters/filters-2024.txt",
            "type": "adblock"
        }
    ],
    "transformations": [
        "RemoveComments",
        "Deduplicate",
        "Compress",
        "Validate",
        "TrimLines",
        "InsertFinalNewLine"
    ]
}
[info] Start compiling https://raw.githubusercontent.com/uBlockOrigin/uAssets/master/filters/filters-2024.txt
[info] Original length is 3280
[info] Length after applying transformations is 3280
[info] Lines trimmed.
[info] Removed 1154 comments
[info] The list was compressed from 2129 to 2129
[info] Deduplication removed 0 rules
[info] Final newline inserted
[info] Final length of the list is 21
[info] Writing output to /tmp/tmp.9GiPfxMXjq/BLOCK/uassets_filters_2024
[info] Finished compiling
[info] Starting @adguard/hostlist-compiler v1.0.39
[info] Starting the compiler
[info] Configuration: {
    "name": "Blocklist",
    "sources": [
        {
            "source": "https://raw.githubusercontent.com/uBlockOrigin/uAssets/master/filters/filters.txt",
            "type": "adblock"
        }
    ],
    "transformations": [
        "RemoveComments",
        "Deduplicate",
        "Compress",
        "Validate",
        "TrimLines",
        "InsertFinalNewLine"
    ]
}
[info] Start compiling https://raw.githubusercontent.com/uBlockOrigin/uAssets/master/filters/filters.txt
[info] Original length is 32526
[info] Length after applying transformations is 32526
[info] Lines trimmed.
[info] Removed 10184 comments
[info] The list was compressed from 22345 to 22344
[info] Deduplication removed 0 rules
[info] Final newline inserted
[info] Final length of the list is 275
[info] Writing output to /tmp/tmp.9GiPfxMXjq/BLOCK/uassets_filters_base
[info] Finished compiling
[info] Starting @adguard/hostlist-compiler v1.0.39
[info] Starting the compiler
[info] Configuration: {
    "name": "Blocklist",
    "sources": [
        {
            "source": "https://raw.githubusercontent.com/uBlockOrigin/uAssets/master/filters/privacy.txt",
            "type": "adblock"
        }
    ],
    "transformations": [
        "RemoveComments",
        "Deduplicate",
        "Compress",
        "Validate",
        "TrimLines",
        "InsertFinalNewLine"
    ]
}
[info] Start compiling https://raw.githubusercontent.com/uBlockOrigin/uAssets/master/filters/privacy.txt
[info] Original length is 2698
[info] Length after applying transformations is 2698
[info] Lines trimmed.
[info] Removed 1037 comments
[info] The list was compressed from 1664 to 1664
[info] Deduplication removed 0 rules
[info] Final newline inserted
[info] Final length of the list is 89
[info] Writing output to /tmp/tmp.9GiPfxMXjq/BLOCK/uassets_privacy
[info] Finished compiling
