--2026-06-08 17:03:29--  https://haas.nic.cz/stats/export/2026/06/2026-06-07.json.gz
Resolving haas.nic.cz... 217.31.204.109, 2001:1488:800:400::2:109
Connecting to haas.nic.cz|217.31.204.109|:443... connected.
HTTP request sent, awaiting response... 200 OK
Length: 503607 (492K) [text/plain]
Saving to: ‘haas’

     0K .......... .......... .......... .......... .......... 10%  507K 1s
    50K .......... .......... .......... .......... .......... 20%  511K 1s
   100K .......... .......... .......... .......... .......... 30% 61.5M 0s
   150K .......... .......... .......... .......... .......... 40% 1.29M 0s
   200K .......... .......... .......... .......... .......... 50%  830K 0s
   250K .......... .......... .......... .......... .......... 60%  306M 0s
   300K .......... .......... .......... .......... .......... 71%  245M 0s
   350K .......... .......... .......... .......... .......... 81%  230M 0s
   400K .......... .......... .......... .......... .......... 91% 1.29M 0s
   450K .......... .......... .......... .......... .         100%  700K=0.4s

2026-06-08 17:03:30 (1.22 MB/s) - ‘haas’ saved [503607/503607]

--2026-06-08 17:03:34--  https://myip.ms/files/blacklist/general/full_blacklist_database.zip
Resolving myip.ms... 146.59.166.237, 2001:41d0:303:d9d6:237a::1
Connecting to myip.ms|146.59.166.237|:443... connected.
HTTP request sent, awaiting response... 200 OK
Length: 2697284 (2.6M) [application/zip]
Saving to: ‘myip_full_blacklist’

     0K .......... .......... .......... .......... ..........  1%  577K 4s
    50K .......... .......... .......... .......... ..........  3%  577K 4s
   100K .......... .......... .......... .......... ..........  5%  163M 3s
   150K .......... .......... .......... .......... ..........  7% 1.34M 3s
   200K .......... .......... .......... .......... ..........  9%  999K 2s
   250K .......... .......... .......... .......... .......... 11%  403M 2s
   300K .......... .......... .......... .......... .......... 13% 1.33M 2s
   350K .......... .......... .......... .......... .......... 15% 1002K 2s
   400K .......... .......... .......... .......... .......... 17%  287M 2s
   450K .......... .......... .......... .......... .......... 18%  367M 1s
   500K .......... .......... .......... .......... .......... 20%  393M 1s
   550K .......... .......... .......... .......... .......... 22% 1.35M 1s
   600K .......... .......... .......... .......... .......... 24%  271M 1s
   650K .......... .......... .......... .......... .......... 26%  411M 1s
   700K .......... .......... .......... .......... .......... 28%  480M 1s
   750K .......... .......... .......... .......... .......... 30% 1008K 1s
   800K .......... .......... .......... .......... .......... 32%  344M 1s
   850K .......... .......... .......... .......... .......... 34%  319M 1s
   900K .......... .......... .......... .......... .......... 36%  388M 1s
   950K .......... .......... .......... .......... .......... 37%  474M 1s
  1000K .......... .......... .......... .......... .......... 39%  485M 1s
  1050K .......... .......... .......... .......... .......... 41%  524M 1s
  1100K .......... .......... .......... .......... .......... 43%  525M 1s
  1150K .......... .......... .......... .......... .......... 45% 1.36M 1s
  1200K .......... .......... .......... .......... .......... 47%  261M 1s
  1250K .......... .......... .......... .......... .......... 49%  342M 0s
  1300K .......... .......... .......... .......... .......... 51%  307M 0s
  1350K .......... .......... .......... .......... .......... 53%  417M 0s
  1400K .......... .......... .......... .......... .......... 55%  472M 0s
  1450K .......... .......... .......... .......... .......... 56%  530M 0s
  1500K .......... .......... .......... .......... .......... 58% 1019K 0s
  1550K .......... .......... .......... .......... .......... 60%  213M 0s
  1600K .......... .......... .......... .......... .......... 62%  261M 0s
  1650K .......... .......... .......... .......... .......... 64%  330M 0s
  1700K .......... .......... .......... .......... .......... 66%  321M 0s
  1750K .......... .......... .......... .......... .......... 68%  357M 0s
  1800K .......... .......... .......... .......... .......... 70%  325M 0s
  1850K .......... .......... .......... .......... .......... 72%  473M 0s
  1900K .......... .......... .......... .......... .......... 74%  563M 0s
  1950K .......... .......... .......... .......... .......... 75%  350M 0s
  2000K .......... .......... .......... .......... .......... 77%  546M 0s
  2050K .......... .......... .......... .......... .......... 79%  554M 0s
  2100K .......... .......... .......... .......... .......... 81%  511M 0s
  2150K .......... .......... .......... .......... .......... 83%  555M 0s
  2200K .......... .......... .......... .......... .......... 85%  566M 0s
  2250K .......... .......... .......... .......... .......... 87%  542M 0s
  2300K .......... .......... .......... .......... .......... 89% 1.40M 0s
  2350K .......... .......... .......... .......... .......... 91%  199M 0s
  2400K .......... .......... .......... .......... .......... 93%  381M 0s
  2450K .......... .......... .......... .......... .......... 94%  548M 0s
  2500K .......... .......... .......... .......... .......... 96%  561M 0s
  2550K .......... .......... .......... .......... .......... 98%  401M 0s
  2600K .......... .......... .......... ....                 100%  585M=0.6s

2026-06-08 17:03:35 (4.61 MB/s) - ‘myip_full_blacklist’ saved [2697284/2697284]

--2026-06-08 17:03:35--  https://myip.ms/files/bots/live_webcrawlers.txt
Resolving myip.ms... 146.59.166.237, 2001:41d0:303:d9d6:237a::1
Connecting to myip.ms|146.59.166.237|:443... connected.
HTTP request sent, awaiting response... 200 OK
Length: 6555648 (6.3M) [text/plain]
Saving to: ‘myip_webcrawlers’

     0K .......... .......... .......... .......... ..........  0%  583K 11s
    50K .......... .......... .......... .......... ..........  1%  582K 11s
   100K .......... .......... .......... .......... ..........  2%  234M 7s
   150K .......... .......... .......... .......... ..........  3%  584K 8s
   200K .......... .......... .......... .......... ..........  3%  286M 6s
   250K .......... .......... .......... .......... ..........  4%  140M 5s
   300K .......... .......... .......... .......... ..........  5% 1.33M 5s
   350K .......... .......... .......... .......... ..........  6% 1.00M 5s
   400K .......... .......... .......... .......... ..........  7%  271M 5s
   450K .......... .......... .......... .......... ..........  7%  383M 4s
   500K .......... .......... .......... .......... ..........  8%  350M 4s
   550K .......... .......... .......... .......... ..........  9%  327M 3s
   600K .......... .......... .......... .......... .......... 10% 1.34M 3s
   650K .......... .......... .......... .......... .......... 10%  282M 3s
   700K .......... .......... .......... .......... .......... 11%  438M 3s
   750K .......... .......... .......... .......... .......... 12% 1.01M 3s
   800K .......... .......... .......... .......... .......... 13%  326M 3s
   850K .......... .......... .......... .......... .......... 14%  381M 3s
   900K .......... .......... .......... .......... .......... 14%  352M 2s
   950K .......... .......... .......... .......... .......... 15%  411M 2s
  1000K .......... .......... .......... .......... .......... 16%  260M 2s
  1050K .......... .......... .......... .......... .......... 17%  434M 2s
  1100K .......... .......... .......... .......... .......... 17%  466M 2s
  1150K .......... .......... .......... .......... .......... 18%  327M 2s
  1200K .......... .......... .......... .......... .......... 19%  510M 2s
  1250K .......... .......... .......... .......... .......... 20% 1.36M 2s
  1300K .......... .......... .......... .......... .......... 21%  328M 2s
  1350K .......... .......... .......... .......... .......... 21%  446M 2s
  1400K .......... .......... .......... .......... .......... 22%  563M 2s
  1450K .......... .......... .......... .......... .......... 23%  531M 2s
  1500K .......... .......... .......... .......... .......... 24% 1.23M 2s
  1550K .......... .......... .......... .......... .......... 24% 5.73M 2s
  1600K .......... .......... .......... .......... .......... 25%  322M 1s
  1650K .......... .......... .......... .......... .......... 26%  355M 1s
  1700K .......... .......... .......... .......... .......... 27%  407M 1s
  1750K .......... .......... .......... .......... .......... 28%  400M 1s
  1800K .......... .......... .......... .......... .......... 28%  484M 1s
  1850K .......... .......... .......... .......... .......... 29%  379M 1s
  1900K .......... .......... .......... .......... .......... 30%  310M 1s
  1950K .......... .......... .......... .......... .......... 31%  263M 1s
  2000K .......... .......... .......... .......... .......... 32%  553M 1s
  2050K .......... .......... .......... .......... .......... 32%  564M 1s
  2100K .......... .......... .......... .......... .......... 33%  556M 1s
  2150K .......... .......... .......... .......... .......... 34%  559M 1s
  2200K .......... .......... .......... .......... .......... 35%  566M 1s
  2250K .......... .......... .......... .......... .......... 35%  516M 1s
  2300K .......... .......... .......... .......... .......... 36%  561M 1s
  2350K .......... .......... .......... .......... .......... 37%  423M 1s
  2400K .......... .......... .......... .......... .......... 38%  436M 1s
  2450K .......... .......... .......... .......... .......... 39%  554M 1s
  2500K .......... .......... .......... .......... .......... 39% 1.40M 1s
  2550K .......... .......... .......... .......... .......... 40%  260M 1s
  2600K .......... .......... .......... .......... .......... 41%  321M 1s
  2650K .......... .......... .......... .......... .......... 42%  432M 1s
  2700K .......... .......... .......... .......... .......... 42%  476M 1s
  2750K .......... .......... .......... .......... .......... 43%  413M 1s
  2800K .......... .......... .......... .......... .......... 44%  524M 1s
  2850K .......... .......... .......... .......... .......... 45%  556M 1s
  2900K .......... .......... .......... .......... .......... 46%  248M 1s
  2950K .......... .......... .......... .......... .......... 46%  520M 1s
  3000K .......... .......... .......... .......... .......... 47%  553M 1s
  3050K .......... .......... .......... .......... .......... 48% 1.25M 1s
  3100K .......... .......... .......... .......... .......... 49%  408M 1s
  3150K .......... .......... .......... .......... .......... 49%  344M 1s
  3200K .......... .......... .......... .......... .......... 50% 5.83M 1s
  3250K .......... .......... .......... .......... .......... 51%  255M 1s
  3300K .......... .......... .......... .......... .......... 52%  274M 1s
  3350K .......... .......... .......... .......... .......... 53%  291M 1s
  3400K .......... .......... .......... .......... .......... 53%  305M 1s
  3450K .......... .......... .......... .......... .......... 54%  316M 0s
  3500K .......... .......... .......... .......... .......... 55%  288M 0s
  3550K .......... .......... .......... .......... .......... 56%  306M 0s
  3600K .......... .......... .......... .......... .......... 57%  356M 0s
  3650K .......... .......... .......... .......... .......... 57%  340M 0s
  3700K .......... .......... .......... .......... .......... 58%  299M 0s
  3750K .......... .......... .......... .......... .......... 59%  390M 0s
  3800K .......... .......... .......... .......... .......... 60%  432M 0s
  3850K .......... .......... .......... .......... .......... 60%  550M 0s
  3900K .......... .......... .......... .......... .......... 61%  556M 0s
  3950K .......... .......... .......... .......... .......... 62%  418M 0s
  4000K .......... .......... .......... .......... .......... 63%  549M 0s
  4050K .......... .......... .......... .......... .......... 64%  555M 0s
  4100K .......... .......... .......... .......... .......... 64%  554M 0s
  4150K .......... .......... .......... .......... .......... 65%  560M 0s
  4200K .......... .......... .......... .......... .......... 66%  536M 0s
  4250K .......... .......... .......... .......... .......... 67%  538M 0s
  4300K .......... .......... .......... .......... .......... 67%  551M 0s
  4350K .......... .......... .......... .......... .......... 68%  362M 0s
  4400K .......... .......... .......... .......... .......... 69%  553M 0s
  4450K .......... .......... .......... .......... .......... 70%  555M 0s
  4500K .......... .......... .......... .......... .......... 71%  568M 0s
  4550K .......... .......... .......... .......... .......... 71%  554M 0s
  4600K .......... .......... .......... .......... .......... 72%  546M 0s
  4650K .......... .......... .......... .......... .......... 73%  554M 0s
  4700K .......... .......... .......... .......... .......... 74%  537M 0s
  4750K .......... .......... .......... .......... .......... 74%  417M 0s
  4800K .......... .......... .......... .......... .......... 75%  563M 0s
  4850K .......... .......... .......... .......... .......... 76%  469M 0s
  4900K .......... .......... .......... .......... .......... 77%  507M 0s
  4950K .......... .......... .......... .......... .......... 78%  527M 0s
  5000K .......... .......... .......... .......... .......... 78%  552M 0s
  5050K .......... .......... .......... .......... .......... 79% 1.49M 0s
  5100K .......... .......... .......... .......... .......... 80%  170M 0s
  5150K .......... .......... .......... .......... .......... 81%  187M 0s
  5200K .......... .......... .......... .......... .......... 82%  259M 0s
  5250K .......... .......... .......... .......... .......... 82%  277M 0s
  5300K .......... .......... .......... .......... .......... 83%  338M 0s
  5350K .......... .......... .......... .......... .......... 84%  532M 0s
  5400K .......... .......... .......... .......... .......... 85%  545M 0s
  5450K .......... .......... .......... .......... .......... 85%  522M 0s
  5500K .......... .......... .......... .......... .......... 86%  553M 0s
  5550K .......... .......... .......... .......... .......... 87%  416M 0s
  5600K .......... .......... .......... .......... .......... 88%  556M 0s
  5650K .......... .......... .......... .......... .......... 89%  560M 0s
  5700K .......... .......... .......... .......... .......... 89%  571M 0s
  5750K .......... .......... .......... .......... .......... 90%  534M 0s
  5800K .......... .......... .......... .......... .......... 91%  478M 0s
  5850K .......... .......... .......... .......... .......... 92%  512M 0s
  5900K .......... .......... .......... .......... .......... 92%  560M 0s
  5950K .......... .......... .......... .......... .......... 93%  420M 0s
  6000K .......... .......... .......... .......... .......... 94%  562M 0s
  6050K .......... .......... .......... .......... .......... 95% 1.29M 0s
  6100K .......... .......... .......... .......... .......... 96%  205M 0s
  6150K .......... .......... .......... .......... .......... 96%  384M 0s
  6200K .......... .......... .......... .......... .......... 97%  442M 0s
  6250K .......... .......... .......... .......... .......... 98%  467M 0s
  6300K .......... .......... .......... .......... .......... 99%  465M 0s
  6350K .......... .......... .......... .......... .......... 99%  337M 0s
  6400K ..                                                    100% 3.73T=0.7s

2026-06-08 17:03:36 (9.21 MB/s) - ‘myip_webcrawlers’ saved [6555648/6555648]

--2026-06-08 17:03:36--  http://wget-mirrors.uceprotect.net/rbldnsd-all/ips.backscatterer.org.gz
Resolving wget-mirrors.uceprotect.net... 199.187.241.194, 66.240.236.50, 193.138.29.13, ...
Connecting to wget-mirrors.uceprotect.net|199.187.241.194|:80... connected.
HTTP request sent, awaiting response... 200 OK
Length: 45948 (45K) [text/plain]
Saving to: ‘uceprotect_backscatterer’

     0K .......... .......... .......... .......... ....      100%  239K=0.2s

2026-06-08 17:03:36 (239 KB/s) - ‘uceprotect_backscatterer’ saved [45948/45948]

--2026-06-08 17:03:36--  http://wget-mirrors.uceprotect.net/rbldnsd-all/dnsbl-1.uceprotect.net.gz
Resolving wget-mirrors.uceprotect.net... 217.23.49.207, 193.138.29.13, 72.13.86.154, ...
Connecting to wget-mirrors.uceprotect.net|217.23.49.207|:80... connected.
HTTP request sent, awaiting response... 200 OK
Length: 199736 (195K) [application/octet-stream]
Saving to: ‘uceprotect_level_1’

     0K .......... .......... .......... .......... .......... 25%  258K 1s
    50K .......... .......... .......... .......... .......... 51%  523K 0s
   100K .......... .......... .......... .......... .......... 76% 37.4M 0s
   150K .......... .......... .......... .......... .....     100%  236K=0.5s

2026-06-08 17:03:37 (405 KB/s) - ‘uceprotect_level_1’ saved [199736/199736]

--2026-06-08 17:03:37--  http://wget-mirrors.uceprotect.net/rbldnsd-all/dnsbl-2.uceprotect.net.gz
Resolving wget-mirrors.uceprotect.net... 199.187.241.194, 66.240.236.50, 193.138.29.13, ...
Connecting to wget-mirrors.uceprotect.net|199.187.241.194|:80... connected.
HTTP request sent, awaiting response... 200 OK
Length: 249138 (243K) [text/plain]
Saving to: ‘uceprotect_level_2’

     0K .......... .......... .......... .......... .......... 20%  266K 1s
    50K .......... .......... .......... .......... .......... 41%  798K 0s
   100K .......... .......... .......... .......... .......... 61%  798K 0s
   150K .......... .......... .......... .......... .......... 82% 88.3M 0s
   200K .......... .......... .......... .......... ...       100%  695K=0.4s

2026-06-08 17:03:37 (647 KB/s) - ‘uceprotect_level_2’ saved [249138/249138]

--2026-06-08 17:03:37--  http://wget-mirrors.uceprotect.net/rbldnsd-all/dnsbl-3.uceprotect.net.gz
Resolving wget-mirrors.uceprotect.net... 199.187.241.194, 66.240.236.50, 193.138.29.13, ...
Connecting to wget-mirrors.uceprotect.net|199.187.241.194|:80... connected.
HTTP request sent, awaiting response... 200 OK
Length: 454321 (444K) [text/plain]
Saving to: ‘uceprotect_level_3’

     0K .......... .......... .......... .......... .......... 11%  252K 2s
    50K .......... .......... .......... .......... .......... 22%  754K 1s
   100K .......... .......... .......... .......... .......... 33%  755K 1s
   150K .......... .......... .......... .......... .......... 45%  761K 0s
   200K .......... .......... .......... .......... .......... 56% 77.3M 0s
   250K .......... .......... .......... .......... .......... 67% 1.23M 0s
   300K .......... .......... .......... .......... .......... 78% 1.85M 0s
   350K .......... .......... .......... .......... .......... 90% 85.0M 0s
   400K .......... .......... .......... .......... ...       100%  673K=0.5s

2026-06-08 17:03:38 (838 KB/s) - ‘uceprotect_level_3’ saved [454321/454321]

--2026-06-08 17:03:38--  https://zonefiles.io/f/compromised/domains/live/
Resolving zonefiles.io... failed: No IPv4/IPv6 addresses for host.
wget: unable to resolve host address ‘zonefiles.io’
--2026-06-08 17:03:38--  https://zonefiles.io/f/compromised/ip/live/
Resolving zonefiles.io... failed: No IPv4/IPv6 addresses for host.
wget: unable to resolve host address ‘zonefiles.io’
